<?xml version="1.0" encoding="UTF-8" ?>
<testsuites>
  <testsuite errors="0" failures="0" id="0" name="Tests" package="test.nz.org.take.compiler.scenario1" tests="5" time="3.625">
  
    <properties>
[...]
</properties>

      <testcase classname="test.nz.org.take.compiler.scenario1.Tests" name="test1" time="1.937"></testcase>

      <testcase classname="test.nz.org.take.compiler.scenario1.Tests" name="test2" time="0.5"></testcase>

      <testcase classname="test.nz.org.take.compiler.scenario1.Tests" name="test3" time="0.375"></testcase>

      <testcase classname="test.nz.org.take.compiler.scenario1.Tests" name="test4" time="0.422"></testcase>

      <testcase classname="test.nz.org.take.compiler.scenario1.Tests" name="test5" time="0.359"></testcase>

      <system-out><![CDATA[0 [main] DEBUG nz.org.take.script.ScriptKnowledgeSource  - Interpreting predicate symbol is_father_of[in line 21] as simple predicate
0 [main] DEBUG nz.org.take.script.ScriptKnowledgeSource  - Interpreting predicate symbol is_father_of[in line 21] as simple predicate
0 [main] DEBUG nz.org.take.script.ScriptKnowledgeSource  - Interpreting predicate symbol is_grandfather_of[in line 21] as simple predicate
0 [main] DEBUG nz.org.take.script.ScriptKnowledgeSource  - Interpreting predicate symbol is_father_of[in line 22] as simple predicate
0 [main] DEBUG nz.org.take.script.ScriptKnowledgeSource  - Interpreting predicate symbol is_father_of[in line 23] as simple predicate
0 [main] DEBUG nz.org.take.script.ScriptKnowledgeSource  - Interpreting predicate symbol is_father_of[in line 24] as simple predicate
0 [main] DEBUG nz.org.take.script.ScriptKnowledgeSource  - Interpreting predicate symbol is_father_of[in line 25] as simple predicate
0 [main] DEBUG nz.org.take.script.ScriptKnowledgeSource  - Interpreting predicate symbol is_father_of[in line 26] as simple predicate
0 [main] DEBUG nz.org.take.script.ScriptKnowledgeSource  - Interpreting predicate symbol is_father_of[in line 27] as simple predicate
0 [main] DEBUG nz.org.take.script.ScriptKnowledgeSource  - Interpreting predicate symbol is_father_of[in line 28] as simple predicate
0 [main] DEBUG nz.org.take.script.ScriptKnowledgeSource  - Interpreting predicate symbol is_father_of[in line 29] as simple predicate
125 [main] DEBUG nz.org.take.compiler.reference.CompilerPlugin4PropertyPredicates  - SimpleLog4JLogSystem using category 'nz.org.take.compiler.reference.CompilerPlugin4PropertyPredicates'
125 [main] DEBUG nz.org.take.compiler.reference.CompilerPlugin4PropertyPredicates  - *******************************************************************
125 [main] DEBUG nz.org.take.compiler.reference.CompilerPlugin4PropertyPredicates  - Starting Apache Velocity v1.5 (compiled: 2007-02-22 08:52:29)
125 [main] DEBUG nz.org.take.compiler.reference.CompilerPlugin4PropertyPredicates  - RuntimeInstance initializing.
125 [main] DEBUG nz.org.take.compiler.reference.CompilerPlugin4PropertyPredicates  - Default Properties File: org\apache\velocity\runtime\defaults\velocity.properties
125 [main] DEBUG nz.org.take.compiler.reference.CompilerPlugin4PropertyPredicates  - Trying to use logger class org.apache.velocity.runtime.log.SimpleLog4JLogSystem
125 [main] INFO nz.org.take.compiler.reference.CompilerPlugin4PropertyPredicates  - LogSystem has been deprecated. Please use a LogChute implementation.
140 [main] DEBUG nz.org.take.compiler.reference.CompilerPlugin4PropertyPredicates  - Default ResourceManager initializing. (class org.apache.velocity.runtime.resource.ResourceManagerImpl)
140 [main] DEBUG nz.org.take.compiler.reference.CompilerPlugin4PropertyPredicates  - ResourceLoader instantiated: org.apache.velocity.runtime.resource.loader.ClasspathResourceLoader
140 [main] DEBUG nz.org.take.compiler.reference.CompilerPlugin4PropertyPredicates  - ClasspathResourceLoader : initialization complete.
172 [main] DEBUG nz.org.take.compiler.reference.CompilerPlugin4PropertyPredicates  - ResourceCache: initialized (class org.apache.velocity.runtime.resource.ResourceCacheImpl)
172 [main] DEBUG nz.org.take.compiler.reference.CompilerPlugin4PropertyPredicates  - Default ResourceManager initialization complete.
172 [main] DEBUG nz.org.take.compiler.reference.CompilerPlugin4PropertyPredicates  - Loaded System Directive: org.apache.velocity.runtime.directive.Literal
172 [main] DEBUG nz.org.take.compiler.reference.CompilerPlugin4PropertyPredicates  - Loaded System Directive: org.apache.velocity.runtime.directive.Macro
172 [main] DEBUG nz.org.take.compiler.reference.CompilerPlugin4PropertyPredicates  - Loaded System Directive: org.apache.velocity.runtime.directive.Parse
172 [main] DEBUG nz.org.take.compiler.reference.CompilerPlugin4PropertyPredicates  - Loaded System Directive: org.apache.velocity.runtime.directive.Include
172 [main] DEBUG nz.org.take.compiler.reference.CompilerPlugin4PropertyPredicates  - Loaded System Directive: org.apache.velocity.runtime.directive.Foreach
234 [main] DEBUG nz.org.take.compiler.reference.CompilerPlugin4PropertyPredicates  - Created '20' parsers.
250 [main] DEBUG nz.org.take.compiler.reference.CompilerPlugin4PropertyPredicates  - Velocimacro : initialization starting.
250 [main] DEBUG nz.org.take.compiler.reference.CompilerPlugin4PropertyPredicates  - Velocimacro : "velocimacro.library" is not set.  Trying default library: VM_global_library.vm
250 [main] DEBUG nz.org.take.compiler.reference.CompilerPlugin4PropertyPredicates  - Velocimacro : Default library not found.
250 [main] DEBUG nz.org.take.compiler.reference.CompilerPlugin4PropertyPredicates  - Velocimacro : allowInline = true : VMs can be defined inline in templates
250 [main] DEBUG nz.org.take.compiler.reference.CompilerPlugin4PropertyPredicates  - Velocimacro : allowInlineToOverride = false : VMs defined inline may NOT replace previous VM definitions
250 [main] DEBUG nz.org.take.compiler.reference.CompilerPlugin4PropertyPredicates  - Velocimacro : allowInlineLocal = false : VMs defined inline will be global in scope if allowed.
250 [main] DEBUG nz.org.take.compiler.reference.CompilerPlugin4PropertyPredicates  - Velocimacro : autoload off : VM system will not automatically reload global library macros
250 [main] DEBUG nz.org.take.compiler.reference.CompilerPlugin4PropertyPredicates  - Velocimacro : Velocimacro : initialization complete.
250 [main] DEBUG nz.org.take.compiler.reference.CompilerPlugin4PropertyPredicates  - RuntimeInstance successfully initialized.
250 [main] DEBUG nz.org.take.compiler.reference.CompilerPlugin4PropertyPredicates  - SimpleLog4JLogSystem using category 'nz.org.take.compiler.reference.CompilerPlugin4PropertyPredicates'
250 [main] DEBUG nz.org.take.compiler.reference.CompilerPlugin4PropertyPredicates  - *******************************************************************
250 [main] DEBUG nz.org.take.compiler.reference.CompilerPlugin4PropertyPredicates  - Starting Apache Velocity v1.5 (compiled: 2007-02-22 08:52:29)
250 [main] DEBUG nz.org.take.compiler.reference.CompilerPlugin4PropertyPredicates  - RuntimeInstance initializing.
250 [main] DEBUG nz.org.take.compiler.reference.CompilerPlugin4PropertyPredicates  - Default Properties File: org\apache\velocity\runtime\defaults\velocity.properties
250 [main] DEBUG nz.org.take.compiler.reference.CompilerPlugin4PropertyPredicates  - Trying to use logger class org.apache.velocity.runtime.log.SimpleLog4JLogSystem
250 [main] INFO nz.org.take.compiler.reference.CompilerPlugin4PropertyPredicates  - LogSystem has been deprecated. Please use a LogChute implementation.
250 [main] DEBUG nz.org.take.compiler.reference.CompilerPlugin4PropertyPredicates  - Default ResourceManager initializing. (class org.apache.velocity.runtime.resource.ResourceManagerImpl)
250 [main] DEBUG nz.org.take.compiler.reference.CompilerPlugin4PropertyPredicates  - ResourceLoader instantiated: org.apache.velocity.runtime.resource.loader.ClasspathResourceLoader
250 [main] DEBUG nz.org.take.compiler.reference.CompilerPlugin4PropertyPredicates  - ClasspathResourceLoader : initialization complete.
250 [main] DEBUG nz.org.take.compiler.reference.CompilerPlugin4PropertyPredicates  - ResourceCache: initialized (class org.apache.velocity.runtime.resource.ResourceCacheImpl)
250 [main] DEBUG nz.org.take.compiler.reference.CompilerPlugin4PropertyPredicates  - Default ResourceManager initialization complete.
250 [main] DEBUG nz.org.take.compiler.reference.CompilerPlugin4PropertyPredicates  - Loaded System Directive: org.apache.velocity.runtime.directive.Literal
250 [main] DEBUG nz.org.take.compiler.reference.CompilerPlugin4PropertyPredicates  - Loaded System Directive: org.apache.velocity.runtime.directive.Macro
250 [main] DEBUG nz.org.take.compiler.reference.CompilerPlugin4PropertyPredicates  - Loaded System Directive: org.apache.velocity.runtime.directive.Parse
250 [main] DEBUG nz.org.take.compiler.reference.CompilerPlugin4PropertyPredicates  - Loaded System Directive: org.apache.velocity.runtime.directive.Include
250 [main] DEBUG nz.org.take.compiler.reference.CompilerPlugin4PropertyPredicates  - Loaded System Directive: org.apache.velocity.runtime.directive.Foreach
281 [main] DEBUG nz.org.take.compiler.reference.CompilerPlugin4PropertyPredicates  - Created '20' parsers.
281 [main] DEBUG nz.org.take.compiler.reference.CompilerPlugin4PropertyPredicates  - Velocimacro : initialization starting.
281 [main] DEBUG nz.org.take.compiler.reference.CompilerPlugin4PropertyPredicates  - Velocimacro : "velocimacro.library" is not set.  Trying default library: VM_global_library.vm
281 [main] DEBUG nz.org.take.compiler.reference.CompilerPlugin4PropertyPredicates  - Velocimacro : Default library not found.
281 [main] DEBUG nz.org.take.compiler.reference.CompilerPlugin4PropertyPredicates  - Velocimacro : allowInline = true : VMs can be defined inline in templates
281 [main] DEBUG nz.org.take.compiler.reference.CompilerPlugin4PropertyPredicates  - Velocimacro : allowInlineToOverride = false : VMs defined inline may NOT replace previous VM definitions
297 [main] DEBUG nz.org.take.compiler.reference.CompilerPlugin4PropertyPredicates  - Velocimacro : allowInlineLocal = false : VMs defined inline will be global in scope if allowed.
297 [main] DEBUG nz.org.take.compiler.reference.CompilerPlugin4PropertyPredicates  - Velocimacro : autoload off : VM system will not automatically reload global library macros
297 [main] DEBUG nz.org.take.compiler.reference.CompilerPlugin4PropertyPredicates  - Velocimacro : Velocimacro : initialization complete.
297 [main] DEBUG nz.org.take.compiler.reference.CompilerPlugin4PropertyPredicates  - RuntimeInstance successfully initialized.
297 [main] DEBUG nz.org.take.compiler.reference.CompilerPlugin4PropertyPredicates  - SimpleLog4JLogSystem using category 'nz.org.take.compiler.reference.CompilerPlugin4PropertyPredicates'
297 [main] DEBUG nz.org.take.compiler.reference.CompilerPlugin4PropertyPredicates  - *******************************************************************
297 [main] DEBUG nz.org.take.compiler.reference.CompilerPlugin4PropertyPredicates  - Starting Apache Velocity v1.5 (compiled: 2007-02-22 08:52:29)
297 [main] DEBUG nz.org.take.compiler.reference.CompilerPlugin4PropertyPredicates  - RuntimeInstance initializing.
297 [main] DEBUG nz.org.take.compiler.reference.CompilerPlugin4PropertyPredicates  - Default Properties File: org\apache\velocity\runtime\defaults\velocity.properties
297 [main] DEBUG nz.org.take.compiler.reference.CompilerPlugin4PropertyPredicates  - Trying to use logger class org.apache.velocity.runtime.log.SimpleLog4JLogSystem
297 [main] INFO nz.org.take.compiler.reference.CompilerPlugin4PropertyPredicates  - LogSystem has been deprecated. Please use a LogChute implementation.
297 [main] DEBUG nz.org.take.compiler.reference.CompilerPlugin4PropertyPredicates  - Default ResourceManager initializing. (class org.apache.velocity.runtime.resource.ResourceManagerImpl)
297 [main] DEBUG nz.org.take.compiler.reference.CompilerPlugin4PropertyPredicates  - ResourceLoader instantiated: org.apache.velocity.runtime.resource.loader.ClasspathResourceLoader
297 [main] DEBUG nz.org.take.compiler.reference.CompilerPlugin4PropertyPredicates  - ClasspathResourceLoader : initialization complete.
297 [main] DEBUG nz.org.take.compiler.reference.CompilerPlugin4PropertyPredicates  - ResourceCache: initialized (class org.apache.velocity.runtime.resource.ResourceCacheImpl)
297 [main] DEBUG nz.org.take.compiler.reference.CompilerPlugin4PropertyPredicates  - Default ResourceManager initialization complete.
297 [main] DEBUG nz.org.take.compiler.reference.CompilerPlugin4PropertyPredicates  - Loaded System Directive: org.apache.velocity.runtime.directive.Literal
297 [main] DEBUG nz.org.take.compiler.reference.CompilerPlugin4PropertyPredicates  - Loaded System Directive: org.apache.velocity.runtime.directive.Macro
297 [main] DEBUG nz.org.take.compiler.reference.CompilerPlugin4PropertyPredicates  - Loaded System Directive: org.apache.velocity.runtime.directive.Parse
297 [main] DEBUG nz.org.take.compiler.reference.CompilerPlugin4PropertyPredicates  - Loaded System Directive: org.apache.velocity.runtime.directive.Include
297 [main] DEBUG nz.org.take.compiler.reference.CompilerPlugin4PropertyPredicates  - Loaded System Directive: org.apache.velocity.runtime.directive.Foreach
297 [main] DEBUG nz.org.take.compiler.reference.CompilerPlugin4PropertyPredicates  - Created '20' parsers.
297 [main] DEBUG nz.org.take.compiler.reference.CompilerPlugin4PropertyPredicates  - Velocimacro : initialization starting.
297 [main] DEBUG nz.org.take.compiler.reference.CompilerPlugin4PropertyPredicates  - Velocimacro : "velocimacro.library" is not set.  Trying default library: VM_global_library.vm
297 [main] DEBUG nz.org.take.compiler.reference.CompilerPlugin4PropertyPredicates  - Velocimacro : Default library not found.
297 [main] DEBUG nz.org.take.compiler.reference.CompilerPlugin4PropertyPredicates  - Velocimacro : allowInline = true : VMs can be defined inline in templates
297 [main] DEBUG nz.org.take.compiler.reference.CompilerPlugin4PropertyPredicates  - Velocimacro : allowInlineToOverride = false : VMs defined inline may NOT replace previous VM definitions
297 [main] DEBUG nz.org.take.compiler.reference.CompilerPlugin4PropertyPredicates  - Velocimacro : allowInlineLocal = false : VMs defined inline will be global in scope if allowed.
297 [main] DEBUG nz.org.take.compiler.reference.CompilerPlugin4PropertyPredicates  - Velocimacro : autoload off : VM system will not automatically reload global library macros
297 [main] DEBUG nz.org.take.compiler.reference.CompilerPlugin4PropertyPredicates  - Velocimacro : Velocimacro : initialization complete.
297 [main] DEBUG nz.org.take.compiler.reference.CompilerPlugin4PropertyPredicates  - RuntimeInstance successfully initialized.
312 [main] DEBUG nz.org.take.compiler.reference.DefaultCompiler  - Adding query to agenda: /is_father_of[in,out]
312 [main] DEBUG nz.org.take.compiler.reference.DefaultCompiler  - Adding query to agenda: /is_father_of[out,in]
312 [main] DEBUG nz.org.take.compiler.reference.DefaultCompiler  - Adding query to agenda: /is_grandfather_of[in,out]
312 [main] DEBUG nz.org.take.compiler.reference.DefaultCompiler  - Adding query to agenda: /is_grandfather_of[out,in]
359 [main] INFO nz.org.take.compiler.reference.DefaultCompiler  - Method created: test.nz.org.take.compiler.scenario1.generated.impl_v070614_112246.KBImpl#getFather
375 [main] INFO nz.org.take.compiler.reference.DefaultCompiler  - Method created: test.nz.org.take.compiler.scenario1.generated.impl_v070614_112246.KBImpl#getSons
390 [main] INFO nz.org.take.compiler.reference.DefaultCompiler  - Method created: test.nz.org.take.compiler.scenario1.generated.impl_v070614_112246.KBImpl#getGrandfather
390 [main] DEBUG nz.org.take.compiler.reference.DefaultCompiler  - Adding query to agenda: /is_father_of[out,out]
390 [main] DEBUG nz.org.take.compiler.reference.DefaultCompiler  - Adding query to agenda: /is_father_of[in,in]
390 [main] INFO nz.org.take.compiler.reference.DefaultCompiler  - Method created: test.nz.org.take.compiler.scenario1.generated.impl_v070614_112246.KBImpl#getGrandchildren
390 [main] INFO nz.org.take.compiler.reference.DefaultCompiler  - Method created: test.nz.org.take.compiler.scenario1.generated.impl_v070614_112246.KBImpl#is_father_of_00
390 [main] INFO nz.org.take.compiler.reference.DefaultCompiler  - Method created: test.nz.org.take.compiler.scenario1.generated.impl_v070614_112246.KBImpl#is_father_of_11
390 [main] INFO nz.org.take.compiler.reference.DefaultCompiler  - Class created: test.nz.org.take.compiler.scenario1.generated.impl_v070614_112246.KBImpl
1812 [main] DEBUG nz.org.take.script.ScriptKnowledgeSource  - Interpreting predicate symbol is_father_of[in line 21] as simple predicate
1812 [main] DEBUG nz.org.take.script.ScriptKnowledgeSource  - Interpreting predicate symbol is_father_of[in line 21] as simple predicate
1812 [main] DEBUG nz.org.take.script.ScriptKnowledgeSource  - Interpreting predicate symbol is_grandfather_of[in line 21] as simple predicate
1812 [main] DEBUG nz.org.take.script.ScriptKnowledgeSource  - Interpreting predicate symbol is_father_of[in line 22] as simple predicate
1812 [main] DEBUG nz.org.take.script.ScriptKnowledgeSource  - Interpreting predicate symbol is_father_of[in line 23] as simple predicate
1812 [main] DEBUG nz.org.take.script.ScriptKnowledgeSource  - Interpreting predicate symbol is_father_of[in line 24] as simple predicate
1828 [main] DEBUG nz.org.take.script.ScriptKnowledgeSource  - Interpreting predicate symbol is_father_of[in line 25] as simple predicate
1828 [main] DEBUG nz.org.take.script.ScriptKnowledgeSource  - Interpreting predicate symbol is_father_of[in line 26] as simple predicate
1828 [main] DEBUG nz.org.take.script.ScriptKnowledgeSource  - Interpreting predicate symbol is_father_of[in line 27] as simple predicate
1828 [main] DEBUG nz.org.take.script.ScriptKnowledgeSource  - Interpreting predicate symbol is_father_of[in line 28] as simple predicate
1828 [main] DEBUG nz.org.take.script.ScriptKnowledgeSource  - Interpreting predicate symbol is_father_of[in line 29] as simple predicate
1828 [main] DEBUG nz.org.take.compiler.reference.DefaultCompiler  - Adding query to agenda: /is_father_of[in,out]
1828 [main] DEBUG nz.org.take.compiler.reference.DefaultCompiler  - Adding query to agenda: /is_father_of[out,in]
1828 [main] DEBUG nz.org.take.compiler.reference.DefaultCompiler  - Adding query to agenda: /is_grandfather_of[in,out]
1828 [main] DEBUG nz.org.take.compiler.reference.DefaultCompiler  - Adding query to agenda: /is_grandfather_of[out,in]
1828 [main] INFO nz.org.take.compiler.reference.DefaultCompiler  - Method created: test.nz.org.take.compiler.scenario1.generated.impl_v070614_112248.KBImpl#getFather
1843 [main] INFO nz.org.take.compiler.reference.DefaultCompiler  - Method created: test.nz.org.take.compiler.scenario1.generated.impl_v070614_112248.KBImpl#getSons
1843 [main] INFO nz.org.take.compiler.reference.DefaultCompiler  - Method created: test.nz.org.take.compiler.scenario1.generated.impl_v070614_112248.KBImpl#getGrandfather
1843 [main] DEBUG nz.org.take.compiler.reference.DefaultCompiler  - Adding query to agenda: /is_father_of[out,out]
1843 [main] DEBUG nz.org.take.compiler.reference.DefaultCompiler  - Adding query to agenda: /is_father_of[in,in]
1843 [main] INFO nz.org.take.compiler.reference.DefaultCompiler  - Method created: test.nz.org.take.compiler.scenario1.generated.impl_v070614_112248.KBImpl#getGrandchildren
1843 [main] INFO nz.org.take.compiler.reference.DefaultCompiler  - Method created: test.nz.org.take.compiler.scenario1.generated.impl_v070614_112248.KBImpl#is_father_of_00
1843 [main] INFO nz.org.take.compiler.reference.DefaultCompiler  - Method created: test.nz.org.take.compiler.scenario1.generated.impl_v070614_112248.KBImpl#is_father_of_11
1843 [main] INFO nz.org.take.compiler.reference.DefaultCompiler  - Class created: test.nz.org.take.compiler.scenario1.generated.impl_v070614_112248.KBImpl
1. rule2
2. fact6
3. fact3
2328 [main] DEBUG nz.org.take.script.ScriptKnowledgeSource  - Interpreting predicate symbol is_father_of[in line 21] as simple predicate
2328 [main] DEBUG nz.org.take.script.ScriptKnowledgeSource  - Interpreting predicate symbol is_father_of[in line 21] as simple predicate
2328 [main] DEBUG nz.org.take.script.ScriptKnowledgeSource  - Interpreting predicate symbol is_grandfather_of[in line 21] as simple predicate
2328 [main] DEBUG nz.org.take.script.ScriptKnowledgeSource  - Interpreting predicate symbol is_father_of[in line 22] as simple predicate
2328 [main] DEBUG nz.org.take.script.ScriptKnowledgeSource  - Interpreting predicate symbol is_father_of[in line 23] as simple predicate
2328 [main] DEBUG nz.org.take.script.ScriptKnowledgeSource  - Interpreting predicate symbol is_father_of[in line 24] as simple predicate
2328 [main] DEBUG nz.org.take.script.ScriptKnowledgeSource  - Interpreting predicate symbol is_father_of[in line 25] as simple predicate
2328 [main] DEBUG nz.org.take.script.ScriptKnowledgeSource  - Interpreting predicate symbol is_father_of[in line 26] as simple predicate
2328 [main] DEBUG nz.org.take.script.ScriptKnowledgeSource  - Interpreting predicate symbol is_father_of[in line 27] as simple predicate
2328 [main] DEBUG nz.org.take.script.ScriptKnowledgeSource  - Interpreting predicate symbol is_father_of[in line 28] as simple predicate
2328 [main] DEBUG nz.org.take.script.ScriptKnowledgeSource  - Interpreting predicate symbol is_father_of[in line 29] as simple predicate
2328 [main] DEBUG nz.org.take.compiler.reference.DefaultCompiler  - Adding query to agenda: /is_father_of[in,out]
2328 [main] DEBUG nz.org.take.compiler.reference.DefaultCompiler  - Adding query to agenda: /is_father_of[out,in]
2328 [main] DEBUG nz.org.take.compiler.reference.DefaultCompiler  - Adding query to agenda: /is_grandfather_of[in,out]
2328 [main] DEBUG nz.org.take.compiler.reference.DefaultCompiler  - Adding query to agenda: /is_grandfather_of[out,in]
2328 [main] INFO nz.org.take.compiler.reference.DefaultCompiler  - Method created: test.nz.org.take.compiler.scenario1.generated.impl_v070614_112248.KBImpl#getFather
2343 [main] INFO nz.org.take.compiler.reference.DefaultCompiler  - Method created: test.nz.org.take.compiler.scenario1.generated.impl_v070614_112248.KBImpl#getSons
2343 [main] INFO nz.org.take.compiler.reference.DefaultCompiler  - Method created: test.nz.org.take.compiler.scenario1.generated.impl_v070614_112248.KBImpl#getGrandfather
2343 [main] DEBUG nz.org.take.compiler.reference.DefaultCompiler  - Adding query to agenda: /is_father_of[out,out]
2343 [main] DEBUG nz.org.take.compiler.reference.DefaultCompiler  - Adding query to agenda: /is_father_of[in,in]
2343 [main] INFO nz.org.take.compiler.reference.DefaultCompiler  - Method created: test.nz.org.take.compiler.scenario1.generated.impl_v070614_112248.KBImpl#getGrandchildren
2343 [main] INFO nz.org.take.compiler.reference.DefaultCompiler  - Method created: test.nz.org.take.compiler.scenario1.generated.impl_v070614_112248.KBImpl#is_father_of_00
2343 [main] INFO nz.org.take.compiler.reference.DefaultCompiler  - Method created: test.nz.org.take.compiler.scenario1.generated.impl_v070614_112248.KBImpl#is_father_of_11
2343 [main] INFO nz.org.take.compiler.reference.DefaultCompiler  - Class created: test.nz.org.take.compiler.scenario1.generated.impl_v070614_112248.KBImpl
2687 [main] DEBUG nz.org.take.script.ScriptKnowledgeSource  - Interpreting predicate symbol is_father_of[in line 21] as simple predicate
2687 [main] DEBUG nz.org.take.script.ScriptKnowledgeSource  - Interpreting predicate symbol is_father_of[in line 21] as simple predicate
2687 [main] DEBUG nz.org.take.script.ScriptKnowledgeSource  - Interpreting predicate symbol is_grandfather_of[in line 21] as simple predicate
2687 [main] DEBUG nz.org.take.script.ScriptKnowledgeSource  - Interpreting predicate symbol is_father_of[in line 22] as simple predicate
2687 [main] DEBUG nz.org.take.script.ScriptKnowledgeSource  - Interpreting predicate symbol is_father_of[in line 23] as simple predicate
2687 [main] DEBUG nz.org.take.script.ScriptKnowledgeSource  - Interpreting predicate symbol is_father_of[in line 24] as simple predicate
2687 [main] DEBUG nz.org.take.script.ScriptKnowledgeSource  - Interpreting predicate symbol is_father_of[in line 25] as simple predicate
2687 [main] DEBUG nz.org.take.script.ScriptKnowledgeSource  - Interpreting predicate symbol is_father_of[in line 26] as simple predicate
2687 [main] DEBUG nz.org.take.script.ScriptKnowledgeSource  - Interpreting predicate symbol is_father_of[in line 27] as simple predicate
2687 [main] DEBUG nz.org.take.script.ScriptKnowledgeSource  - Interpreting predicate symbol is_father_of[in line 28] as simple predicate
2687 [main] DEBUG nz.org.take.script.ScriptKnowledgeSource  - Interpreting predicate symbol is_father_of[in line 29] as simple predicate
2687 [main] DEBUG nz.org.take.compiler.reference.DefaultCompiler  - Adding query to agenda: /is_father_of[in,out]
2687 [main] DEBUG nz.org.take.compiler.reference.DefaultCompiler  - Adding query to agenda: /is_father_of[out,in]
2687 [main] DEBUG nz.org.take.compiler.reference.DefaultCompiler  - Adding query to agenda: /is_grandfather_of[in,out]
2687 [main] DEBUG nz.org.take.compiler.reference.DefaultCompiler  - Adding query to agenda: /is_grandfather_of[out,in]
2703 [main] INFO nz.org.take.compiler.reference.DefaultCompiler  - Method created: test.nz.org.take.compiler.scenario1.generated.impl_v070614_112249.KBImpl#getFather
2703 [main] INFO nz.org.take.compiler.reference.DefaultCompiler  - Method created: test.nz.org.take.compiler.scenario1.generated.impl_v070614_112249.KBImpl#getSons
2703 [main] INFO nz.org.take.compiler.reference.DefaultCompiler  - Method created: test.nz.org.take.compiler.scenario1.generated.impl_v070614_112249.KBImpl#getGrandfather
2703 [main] DEBUG nz.org.take.compiler.reference.DefaultCompiler  - Adding query to agenda: /is_father_of[out,out]
2703 [main] DEBUG nz.org.take.compiler.reference.DefaultCompiler  - Adding query to agenda: /is_father_of[in,in]
2703 [main] INFO nz.org.take.compiler.reference.DefaultCompiler  - Method created: test.nz.org.take.compiler.scenario1.generated.impl_v070614_112249.KBImpl#getGrandchildren
2703 [main] INFO nz.org.take.compiler.reference.DefaultCompiler  - Method created: test.nz.org.take.compiler.scenario1.generated.impl_v070614_112249.KBImpl#is_father_of_00
2703 [main] INFO nz.org.take.compiler.reference.DefaultCompiler  - Method created: test.nz.org.take.compiler.scenario1.generated.impl_v070614_112249.KBImpl#is_father_of_11
2703 [main] INFO nz.org.take.compiler.reference.DefaultCompiler  - Class created: test.nz.org.take.compiler.scenario1.generated.impl_v070614_112249.KBImpl
3109 [main] DEBUG nz.org.take.script.ScriptKnowledgeSource  - Interpreting predicate symbol is_father_of[in line 21] as simple predicate
3109 [main] DEBUG nz.org.take.script.ScriptKnowledgeSource  - Interpreting predicate symbol is_father_of[in line 21] as simple predicate
3109 [main] DEBUG nz.org.take.script.ScriptKnowledgeSource  - Interpreting predicate symbol is_grandfather_of[in line 21] as simple predicate
3109 [main] DEBUG nz.org.take.script.ScriptKnowledgeSource  - Interpreting predicate symbol is_father_of[in line 22] as simple predicate
3109 [main] DEBUG nz.org.take.script.ScriptKnowledgeSource  - Interpreting predicate symbol is_father_of[in line 23] as simple predicate
3109 [main] DEBUG nz.org.take.script.ScriptKnowledgeSource  - Interpreting predicate symbol is_father_of[in line 24] as simple predicate
3109 [main] DEBUG nz.org.take.script.ScriptKnowledgeSource  - Interpreting predicate symbol is_father_of[in line 25] as simple predicate
3109 [main] DEBUG nz.org.take.script.ScriptKnowledgeSource  - Interpreting predicate symbol is_father_of[in line 26] as simple predicate
3109 [main] DEBUG nz.org.take.script.ScriptKnowledgeSource  - Interpreting predicate symbol is_father_of[in line 27] as simple predicate
3109 [main] DEBUG nz.org.take.script.ScriptKnowledgeSource  - Interpreting predicate symbol is_father_of[in line 28] as simple predicate
3109 [main] DEBUG nz.org.take.script.ScriptKnowledgeSource  - Interpreting predicate symbol is_father_of[in line 29] as simple predicate
3109 [main] DEBUG nz.org.take.compiler.reference.DefaultCompiler  - Adding query to agenda: /is_father_of[in,out]
3109 [main] DEBUG nz.org.take.compiler.reference.DefaultCompiler  - Adding query to agenda: /is_father_of[out,in]
3109 [main] DEBUG nz.org.take.compiler.reference.DefaultCompiler  - Adding query to agenda: /is_grandfather_of[in,out]
3109 [main] DEBUG nz.org.take.compiler.reference.DefaultCompiler  - Adding query to agenda: /is_grandfather_of[out,in]
3125 [main] INFO nz.org.take.compiler.reference.DefaultCompiler  - Method created: test.nz.org.take.compiler.scenario1.generated.impl_v070614_112249.KBImpl#getFather
3125 [main] INFO nz.org.take.compiler.reference.DefaultCompiler  - Method created: test.nz.org.take.compiler.scenario1.generated.impl_v070614_112249.KBImpl#getSons
3125 [main] INFO nz.org.take.compiler.reference.DefaultCompiler  - Method created: test.nz.org.take.compiler.scenario1.generated.impl_v070614_112249.KBImpl#getGrandfather
3125 [main] DEBUG nz.org.take.compiler.reference.DefaultCompiler  - Adding query to agenda: /is_father_of[out,out]
3125 [main] DEBUG nz.org.take.compiler.reference.DefaultCompiler  - Adding query to agenda: /is_father_of[in,in]
3125 [main] INFO nz.org.take.compiler.reference.DefaultCompiler  - Method created: test.nz.org.take.compiler.scenario1.generated.impl_v070614_112249.KBImpl#getGrandchildren
3125 [main] INFO nz.org.take.compiler.reference.DefaultCompiler  - Method created: test.nz.org.take.compiler.scenario1.generated.impl_v070614_112249.KBImpl#is_father_of_00
3125 [main] INFO nz.org.take.compiler.reference.DefaultCompiler  - Method created: test.nz.org.take.compiler.scenario1.generated.impl_v070614_112249.KBImpl#is_father_of_11
3125 [main] INFO nz.org.take.compiler.reference.DefaultCompiler  - Class created: test.nz.org.take.compiler.scenario1.generated.impl_v070614_112249.KBImpl
Frank
Jens
Ralf
]]></system-out>

      <system-err><![CDATA[]]></system-err>

  </testsuite>
  <testsuite errors="0" failures="0" id="1" name="Tests" package="test.nz.org.take.compiler.scenario2" tests="5" time="3.594">
  
    <properties>
[...]
</properties>

      <testcase classname="test.nz.org.take.compiler.scenario2.Tests" name="test1" time="1.812"></testcase>

      <testcase classname="test.nz.org.take.compiler.scenario2.Tests" name="test2" time="0.5"></testcase>

      <testcase classname="test.nz.org.take.compiler.scenario2.Tests" name="test3" time="0.406"></testcase>

      <testcase classname="test.nz.org.take.compiler.scenario2.Tests" name="test4" time="0.5"></testcase>

      <testcase classname="test.nz.org.take.compiler.scenario2.Tests" name="test5" time="0.344"></testcase>

      <system-out><![CDATA[// script for test scenario 1
@@dc:date=30/02/2007
@@dc:creator=author jens dietrich
var java.lang.String descendant,ancestor,x
@take.compilerhint.slots=person1,person2
@take.compilerhint.method=isAncestor
@take.compilerhint.class=AncestorRelationship
query isAncestor[in,in]
rule1: if isFather[descendant,ancestor] then isAncestor[descendant,ancestor]
rule2: if isAncestor[x,ancestor] and isFather[descendant,x] then isAncestor[descendant,ancestor]
fact1: isFather["r0","r"]
fact2: isFather["r1","r"]
fact3: isFather["r00","r0"]
fact4: isFather["r01","r0"]
fact5: isFather["r10","r1"]
fact6: isFather["r11","r1"]
fact7: isFather["r000","r00"]
fact8: isFather["r001","r00"]
fact9: isFather["r010","r01"]
fact10: isFather["r011","r01"]
fact11: isFather["r100","r10"]
fact12: isFather["r101","r10"]
fact13: isFather["r110","r11"]
fact14: isFather["r111","r11"]
0 [main] DEBUG nz.org.take.script.ScriptKnowledgeSource  - Interpreting predicate symbol isFather[in line 9] as simple predicate
0 [main] DEBUG nz.org.take.script.ScriptKnowledgeSource  - Interpreting predicate symbol isAncestor[in line 9] as simple predicate
0 [main] DEBUG nz.org.take.script.ScriptKnowledgeSource  - Interpreting predicate symbol isAncestor[in line 10] as simple predicate
0 [main] DEBUG nz.org.take.script.ScriptKnowledgeSource  - Interpreting predicate symbol isFather[in line 10] as simple predicate
0 [main] DEBUG nz.org.take.script.ScriptKnowledgeSource  - Interpreting predicate symbol isAncestor[in line 10] as simple predicate
0 [main] DEBUG nz.org.take.script.ScriptKnowledgeSource  - Interpreting predicate symbol isFather[in line 11] as simple predicate
0 [main] DEBUG nz.org.take.script.ScriptKnowledgeSource  - Interpreting predicate symbol isFather[in line 12] as simple predicate
15 [main] DEBUG nz.org.take.script.ScriptKnowledgeSource  - Interpreting predicate symbol isFather[in line 13] as simple predicate
15 [main] DEBUG nz.org.take.script.ScriptKnowledgeSource  - Interpreting predicate symbol isFather[in line 14] as simple predicate
15 [main] DEBUG nz.org.take.script.ScriptKnowledgeSource  - Interpreting predicate symbol isFather[in line 15] as simple predicate
15 [main] DEBUG nz.org.take.script.ScriptKnowledgeSource  - Interpreting predicate symbol isFather[in line 16] as simple predicate
15 [main] DEBUG nz.org.take.script.ScriptKnowledgeSource  - Interpreting predicate symbol isFather[in line 17] as simple predicate
15 [main] DEBUG nz.org.take.script.ScriptKnowledgeSource  - Interpreting predicate symbol isFather[in line 18] as simple predicate
15 [main] DEBUG nz.org.take.script.ScriptKnowledgeSource  - Interpreting predicate symbol isFather[in line 19] as simple predicate
15 [main] DEBUG nz.org.take.script.ScriptKnowledgeSource  - Interpreting predicate symbol isFather[in line 20] as simple predicate
15 [main] DEBUG nz.org.take.script.ScriptKnowledgeSource  - Interpreting predicate symbol isFather[in line 21] as simple predicate
15 [main] DEBUG nz.org.take.script.ScriptKnowledgeSource  - Interpreting predicate symbol isFather[in line 22] as simple predicate
15 [main] DEBUG nz.org.take.script.ScriptKnowledgeSource  - Interpreting predicate symbol isFather[in line 23] as simple predicate
15 [main] DEBUG nz.org.take.script.ScriptKnowledgeSource  - Interpreting predicate symbol isFather[in line 24] as simple predicate
109 [main] DEBUG nz.org.take.compiler.reference.CompilerPlugin4PropertyPredicates  - SimpleLog4JLogSystem using category 'nz.org.take.compiler.reference.CompilerPlugin4PropertyPredicates'
109 [main] DEBUG nz.org.take.compiler.reference.CompilerPlugin4PropertyPredicates  - *******************************************************************
109 [main] DEBUG nz.org.take.compiler.reference.CompilerPlugin4PropertyPredicates  - Starting Apache Velocity v1.5 (compiled: 2007-02-22 08:52:29)
109 [main] DEBUG nz.org.take.compiler.reference.CompilerPlugin4PropertyPredicates  - RuntimeInstance initializing.
109 [main] DEBUG nz.org.take.compiler.reference.CompilerPlugin4PropertyPredicates  - Default Properties File: org\apache\velocity\runtime\defaults\velocity.properties
109 [main] DEBUG nz.org.take.compiler.reference.CompilerPlugin4PropertyPredicates  - Trying to use logger class org.apache.velocity.runtime.log.SimpleLog4JLogSystem
109 [main] INFO nz.org.take.compiler.reference.CompilerPlugin4PropertyPredicates  - LogSystem has been deprecated. Please use a LogChute implementation.
109 [main] DEBUG nz.org.take.compiler.reference.CompilerPlugin4PropertyPredicates  - Default ResourceManager initializing. (class org.apache.velocity.runtime.resource.ResourceManagerImpl)
109 [main] DEBUG nz.org.take.compiler.reference.CompilerPlugin4PropertyPredicates  - ResourceLoader instantiated: org.apache.velocity.runtime.resource.loader.ClasspathResourceLoader
109 [main] DEBUG nz.org.take.compiler.reference.CompilerPlugin4PropertyPredicates  - ClasspathResourceLoader : initialization complete.
125 [main] DEBUG nz.org.take.compiler.reference.CompilerPlugin4PropertyPredicates  - ResourceCache: initialized (class org.apache.velocity.runtime.resource.ResourceCacheImpl)
125 [main] DEBUG nz.org.take.compiler.reference.CompilerPlugin4PropertyPredicates  - Default ResourceManager initialization complete.
125 [main] DEBUG nz.org.take.compiler.reference.CompilerPlugin4PropertyPredicates  - Loaded System Directive: org.apache.velocity.runtime.directive.Literal
140 [main] DEBUG nz.org.take.compiler.reference.CompilerPlugin4PropertyPredicates  - Loaded System Directive: org.apache.velocity.runtime.directive.Macro
140 [main] DEBUG nz.org.take.compiler.reference.CompilerPlugin4PropertyPredicates  - Loaded System Directive: org.apache.velocity.runtime.directive.Parse
140 [main] DEBUG nz.org.take.compiler.reference.CompilerPlugin4PropertyPredicates  - Loaded System Directive: org.apache.velocity.runtime.directive.Include
140 [main] DEBUG nz.org.take.compiler.reference.CompilerPlugin4PropertyPredicates  - Loaded System Directive: org.apache.velocity.runtime.directive.Foreach
187 [main] DEBUG nz.org.take.compiler.reference.CompilerPlugin4PropertyPredicates  - Created '20' parsers.
203 [main] DEBUG nz.org.take.compiler.reference.CompilerPlugin4PropertyPredicates  - Velocimacro : initialization starting.
203 [main] DEBUG nz.org.take.compiler.reference.CompilerPlugin4PropertyPredicates  - Velocimacro : "velocimacro.library" is not set.  Trying default library: VM_global_library.vm
203 [main] DEBUG nz.org.take.compiler.reference.CompilerPlugin4PropertyPredicates  - Velocimacro : Default library not found.
203 [main] DEBUG nz.org.take.compiler.reference.CompilerPlugin4PropertyPredicates  - Velocimacro : allowInline = true : VMs can be defined inline in templates
203 [main] DEBUG nz.org.take.compiler.reference.CompilerPlugin4PropertyPredicates  - Velocimacro : allowInlineToOverride = false : VMs defined inline may NOT replace previous VM definitions
203 [main] DEBUG nz.org.take.compiler.reference.CompilerPlugin4PropertyPredicates  - Velocimacro : allowInlineLocal = false : VMs defined inline will be global in scope if allowed.
203 [main] DEBUG nz.org.take.compiler.reference.CompilerPlugin4PropertyPredicates  - Velocimacro : autoload off : VM system will not automatically reload global library macros
203 [main] DEBUG nz.org.take.compiler.reference.CompilerPlugin4PropertyPredicates  - Velocimacro : Velocimacro : initialization complete.
203 [main] DEBUG nz.org.take.compiler.reference.CompilerPlugin4PropertyPredicates  - RuntimeInstance successfully initialized.
203 [main] DEBUG nz.org.take.compiler.reference.CompilerPlugin4PropertyPredicates  - SimpleLog4JLogSystem using category 'nz.org.take.compiler.reference.CompilerPlugin4PropertyPredicates'
203 [main] DEBUG nz.org.take.compiler.reference.CompilerPlugin4PropertyPredicates  - *******************************************************************
203 [main] DEBUG nz.org.take.compiler.reference.CompilerPlugin4PropertyPredicates  - Starting Apache Velocity v1.5 (compiled: 2007-02-22 08:52:29)
203 [main] DEBUG nz.org.take.compiler.reference.CompilerPlugin4PropertyPredicates  - RuntimeInstance initializing.
203 [main] DEBUG nz.org.take.compiler.reference.CompilerPlugin4PropertyPredicates  - Default Properties File: org\apache\velocity\runtime\defaults\velocity.properties
203 [main] DEBUG nz.org.take.compiler.reference.CompilerPlugin4PropertyPredicates  - Trying to use logger class org.apache.velocity.runtime.log.SimpleLog4JLogSystem
203 [main] INFO nz.org.take.compiler.reference.CompilerPlugin4PropertyPredicates  - LogSystem has been deprecated. Please use a LogChute implementation.
203 [main] DEBUG nz.org.take.compiler.reference.CompilerPlugin4PropertyPredicates  - Default ResourceManager initializing. (class org.apache.velocity.runtime.resource.ResourceManagerImpl)
203 [main] DEBUG nz.org.take.compiler.reference.CompilerPlugin4PropertyPredicates  - ResourceLoader instantiated: org.apache.velocity.runtime.resource.loader.ClasspathResourceLoader
219 [main] DEBUG nz.org.take.compiler.reference.CompilerPlugin4PropertyPredicates  - ClasspathResourceLoader : initialization complete.
219 [main] DEBUG nz.org.take.compiler.reference.CompilerPlugin4PropertyPredicates  - ResourceCache: initialized (class org.apache.velocity.runtime.resource.ResourceCacheImpl)
219 [main] DEBUG nz.org.take.compiler.reference.CompilerPlugin4PropertyPredicates  - Default ResourceManager initialization complete.
219 [main] DEBUG nz.org.take.compiler.reference.CompilerPlugin4PropertyPredicates  - Loaded System Directive: org.apache.velocity.runtime.directive.Literal
219 [main] DEBUG nz.org.take.compiler.reference.CompilerPlugin4PropertyPredicates  - Loaded System Directive: org.apache.velocity.runtime.directive.Macro
219 [main] DEBUG nz.org.take.compiler.reference.CompilerPlugin4PropertyPredicates  - Loaded System Directive: org.apache.velocity.runtime.directive.Parse
219 [main] DEBUG nz.org.take.compiler.reference.CompilerPlugin4PropertyPredicates  - Loaded System Directive: org.apache.velocity.runtime.directive.Include
219 [main] DEBUG nz.org.take.compiler.reference.CompilerPlugin4PropertyPredicates  - Loaded System Directive: org.apache.velocity.runtime.directive.Foreach
250 [main] DEBUG nz.org.take.compiler.reference.CompilerPlugin4PropertyPredicates  - Created '20' parsers.
250 [main] DEBUG nz.org.take.compiler.reference.CompilerPlugin4PropertyPredicates  - Velocimacro : initialization starting.
250 [main] DEBUG nz.org.take.compiler.reference.CompilerPlugin4PropertyPredicates  - Velocimacro : "velocimacro.library" is not set.  Trying default library: VM_global_library.vm
250 [main] DEBUG nz.org.take.compiler.reference.CompilerPlugin4PropertyPredicates  - Velocimacro : Default library not found.
250 [main] DEBUG nz.org.take.compiler.reference.CompilerPlugin4PropertyPredicates  - Velocimacro : allowInline = true : VMs can be defined inline in templates
250 [main] DEBUG nz.org.take.compiler.reference.CompilerPlugin4PropertyPredicates  - Velocimacro : allowInlineToOverride = false : VMs defined inline may NOT replace previous VM definitions
250 [main] DEBUG nz.org.take.compiler.reference.CompilerPlugin4PropertyPredicates  - Velocimacro : allowInlineLocal = false : VMs defined inline will be global in scope if allowed.
250 [main] DEBUG nz.org.take.compiler.reference.CompilerPlugin4PropertyPredicates  - Velocimacro : autoload off : VM system will not automatically reload global library macros
250 [main] DEBUG nz.org.take.compiler.reference.CompilerPlugin4PropertyPredicates  - Velocimacro : Velocimacro : initialization complete.
250 [main] DEBUG nz.org.take.compiler.reference.CompilerPlugin4PropertyPredicates  - RuntimeInstance successfully initialized.
250 [main] DEBUG nz.org.take.compiler.reference.CompilerPlugin4PropertyPredicates  - SimpleLog4JLogSystem using category 'nz.org.take.compiler.reference.CompilerPlugin4PropertyPredicates'
250 [main] DEBUG nz.org.take.compiler.reference.CompilerPlugin4PropertyPredicates  - *******************************************************************
250 [main] DEBUG nz.org.take.compiler.reference.CompilerPlugin4PropertyPredicates  - Starting Apache Velocity v1.5 (compiled: 2007-02-22 08:52:29)
250 [main] DEBUG nz.org.take.compiler.reference.CompilerPlugin4PropertyPredicates  - RuntimeInstance initializing.
250 [main] DEBUG nz.org.take.compiler.reference.CompilerPlugin4PropertyPredicates  - Default Properties File: org\apache\velocity\runtime\defaults\velocity.properties
250 [main] DEBUG nz.org.take.compiler.reference.CompilerPlugin4PropertyPredicates  - Trying to use logger class org.apache.velocity.runtime.log.SimpleLog4JLogSystem
250 [main] INFO nz.org.take.compiler.reference.CompilerPlugin4PropertyPredicates  - LogSystem has been deprecated. Please use a LogChute implementation.
250 [main] DEBUG nz.org.take.compiler.reference.CompilerPlugin4PropertyPredicates  - Default ResourceManager initializing. (class org.apache.velocity.runtime.resource.ResourceManagerImpl)
250 [main] DEBUG nz.org.take.compiler.reference.CompilerPlugin4PropertyPredicates  - ResourceLoader instantiated: org.apache.velocity.runtime.resource.loader.ClasspathResourceLoader
250 [main] DEBUG nz.org.take.compiler.reference.CompilerPlugin4PropertyPredicates  - ClasspathResourceLoader : initialization complete.
250 [main] DEBUG nz.org.take.compiler.reference.CompilerPlugin4PropertyPredicates  - ResourceCache: initialized (class org.apache.velocity.runtime.resource.ResourceCacheImpl)
250 [main] DEBUG nz.org.take.compiler.reference.CompilerPlugin4PropertyPredicates  - Default ResourceManager initialization complete.
250 [main] DEBUG nz.org.take.compiler.reference.CompilerPlugin4PropertyPredicates  - Loaded System Directive: org.apache.velocity.runtime.directive.Literal
250 [main] DEBUG nz.org.take.compiler.reference.CompilerPlugin4PropertyPredicates  - Loaded System Directive: org.apache.velocity.runtime.directive.Macro
250 [main] DEBUG nz.org.take.compiler.reference.CompilerPlugin4PropertyPredicates  - Loaded System Directive: org.apache.velocity.runtime.directive.Parse
250 [main] DEBUG nz.org.take.compiler.reference.CompilerPlugin4PropertyPredicates  - Loaded System Directive: org.apache.velocity.runtime.directive.Include
250 [main] DEBUG nz.org.take.compiler.reference.CompilerPlugin4PropertyPredicates  - Loaded System Directive: org.apache.velocity.runtime.directive.Foreach
265 [main] DEBUG nz.org.take.compiler.reference.CompilerPlugin4PropertyPredicates  - Created '20' parsers.
265 [main] DEBUG nz.org.take.compiler.reference.CompilerPlugin4PropertyPredicates  - Velocimacro : initialization starting.
265 [main] DEBUG nz.org.take.compiler.reference.CompilerPlugin4PropertyPredicates  - Velocimacro : "velocimacro.library" is not set.  Trying default library: VM_global_library.vm
265 [main] DEBUG nz.org.take.compiler.reference.CompilerPlugin4PropertyPredicates  - Velocimacro : Default library not found.
265 [main] DEBUG nz.org.take.compiler.reference.CompilerPlugin4PropertyPredicates  - Velocimacro : allowInline = true : VMs can be defined inline in templates
265 [main] DEBUG nz.org.take.compiler.reference.CompilerPlugin4PropertyPredicates  - Velocimacro : allowInlineToOverride = false : VMs defined inline may NOT replace previous VM definitions
265 [main] DEBUG nz.org.take.compiler.reference.CompilerPlugin4PropertyPredicates  - Velocimacro : allowInlineLocal = false : VMs defined inline will be global in scope if allowed.
265 [main] DEBUG nz.org.take.compiler.reference.CompilerPlugin4PropertyPredicates  - Velocimacro : autoload off : VM system will not automatically reload global library macros
265 [main] DEBUG nz.org.take.compiler.reference.CompilerPlugin4PropertyPredicates  - Velocimacro : Velocimacro : initialization complete.
265 [main] DEBUG nz.org.take.compiler.reference.CompilerPlugin4PropertyPredicates  - RuntimeInstance successfully initialized.
265 [main] DEBUG nz.org.take.compiler.reference.DefaultCompiler  - Adding query to agenda: /isAncestor[in,in]
297 [main] DEBUG nz.org.take.compiler.reference.DefaultCompiler  - Adding query to agenda: /isFather[in,in]
297 [main] DEBUG nz.org.take.compiler.reference.DefaultCompiler  - Adding query to agenda: /isAncestor[out,in]
312 [main] INFO nz.org.take.compiler.reference.DefaultCompiler  - Method created: test.nz.org.take.compiler.scenario2.generated.impl_v070614_112250.KBImpl#isAncestor
312 [main] INFO nz.org.take.compiler.reference.DefaultCompiler  - Method created: test.nz.org.take.compiler.scenario2.generated.impl_v070614_112250.KBImpl#isFather_11
312 [main] DEBUG nz.org.take.compiler.reference.DefaultCompiler  - Adding query to agenda: /isFather[out,in]
312 [main] INFO nz.org.take.compiler.reference.DefaultCompiler  - Method created: test.nz.org.take.compiler.scenario2.generated.impl_v070614_112250.KBImpl#isAncestor_01
328 [main] INFO nz.org.take.compiler.reference.DefaultCompiler  - Method created: test.nz.org.take.compiler.scenario2.generated.impl_v070614_112250.KBImpl#isFather_01
328 [main] INFO nz.org.take.compiler.reference.DefaultCompiler  - Class created: test.nz.org.take.compiler.scenario2.generated.impl_v070614_112250.KBImpl
328 [main] INFO nz.org.take.compiler.reference.DefaultCompiler  - Class created: test.nz.org.take.compiler.scenario2.generated.impl_v070614_112250._isFather
starting test case 1
1. rule1
2. fact1
// script for test scenario 1
@@dc:date=30/02/2007
@@dc:creator=author jens dietrich
var java.lang.String descendant,ancestor,x
@take.compilerhint.slots=person1,person2
@take.compilerhint.method=isAncestor
@take.compilerhint.class=AncestorRelationship
query isAncestor[in,in]
rule1: if isFather[descendant,ancestor] then isAncestor[descendant,ancestor]
rule2: if isAncestor[x,ancestor] and isFather[descendant,x] then isAncestor[descendant,ancestor]
fact1: isFather["r0","r"]
fact2: isFather["r1","r"]
fact3: isFather["r00","r0"]
fact4: isFather["r01","r0"]
fact5: isFather["r10","r1"]
fact6: isFather["r11","r1"]
fact7: isFather["r000","r00"]
fact8: isFather["r001","r00"]
fact9: isFather["r010","r01"]
fact10: isFather["r011","r01"]
fact11: isFather["r100","r10"]
fact12: isFather["r101","r10"]
fact13: isFather["r110","r11"]
fact14: isFather["r111","r11"]
1734 [main] DEBUG nz.org.take.script.ScriptKnowledgeSource  - Interpreting predicate symbol isFather[in line 9] as simple predicate
1734 [main] DEBUG nz.org.take.script.ScriptKnowledgeSource  - Interpreting predicate symbol isAncestor[in line 9] as simple predicate
1734 [main] DEBUG nz.org.take.script.ScriptKnowledgeSource  - Interpreting predicate symbol isAncestor[in line 10] as simple predicate
1734 [main] DEBUG nz.org.take.script.ScriptKnowledgeSource  - Interpreting predicate symbol isFather[in line 10] as simple predicate
1734 [main] DEBUG nz.org.take.script.ScriptKnowledgeSource  - Interpreting predicate symbol isAncestor[in line 10] as simple predicate
1734 [main] DEBUG nz.org.take.script.ScriptKnowledgeSource  - Interpreting predicate symbol isFather[in line 11] as simple predicate
1734 [main] DEBUG nz.org.take.script.ScriptKnowledgeSource  - Interpreting predicate symbol isFather[in line 12] as simple predicate
1734 [main] DEBUG nz.org.take.script.ScriptKnowledgeSource  - Interpreting predicate symbol isFather[in line 13] as simple predicate
1734 [main] DEBUG nz.org.take.script.ScriptKnowledgeSource  - Interpreting predicate symbol isFather[in line 14] as simple predicate
1734 [main] DEBUG nz.org.take.script.ScriptKnowledgeSource  - Interpreting predicate symbol isFather[in line 15] as simple predicate
1734 [main] DEBUG nz.org.take.script.ScriptKnowledgeSource  - Interpreting predicate symbol isFather[in line 16] as simple predicate
1734 [main] DEBUG nz.org.take.script.ScriptKnowledgeSource  - Interpreting predicate symbol isFather[in line 17] as simple predicate
1734 [main] DEBUG nz.org.take.script.ScriptKnowledgeSource  - Interpreting predicate symbol isFather[in line 18] as simple predicate
1734 [main] DEBUG nz.org.take.script.ScriptKnowledgeSource  - Interpreting predicate symbol isFather[in line 19] as simple predicate
1734 [main] DEBUG nz.org.take.script.ScriptKnowledgeSource  - Interpreting predicate symbol isFather[in line 20] as simple predicate
1734 [main] DEBUG nz.org.take.script.ScriptKnowledgeSource  - Interpreting predicate symbol isFather[in line 21] as simple predicate
1734 [main] DEBUG nz.org.take.script.ScriptKnowledgeSource  - Interpreting predicate symbol isFather[in line 22] as simple predicate
1734 [main] DEBUG nz.org.take.script.ScriptKnowledgeSource  - Interpreting predicate symbol isFather[in line 23] as simple predicate
1734 [main] DEBUG nz.org.take.script.ScriptKnowledgeSource  - Interpreting predicate symbol isFather[in line 24] as simple predicate
1734 [main] DEBUG nz.org.take.compiler.reference.DefaultCompiler  - Adding query to agenda: /isAncestor[in,in]
1750 [main] DEBUG nz.org.take.compiler.reference.DefaultCompiler  - Adding query to agenda: /isFather[in,in]
1750 [main] DEBUG nz.org.take.compiler.reference.DefaultCompiler  - Adding query to agenda: /isAncestor[out,in]
1750 [main] INFO nz.org.take.compiler.reference.DefaultCompiler  - Method created: test.nz.org.take.compiler.scenario2.generated.impl_v070614_112252.KBImpl#isAncestor
1750 [main] INFO nz.org.take.compiler.reference.DefaultCompiler  - Method created: test.nz.org.take.compiler.scenario2.generated.impl_v070614_112252.KBImpl#isFather_11
1750 [main] DEBUG nz.org.take.compiler.reference.DefaultCompiler  - Adding query to agenda: /isFather[out,in]
1750 [main] INFO nz.org.take.compiler.reference.DefaultCompiler  - Method created: test.nz.org.take.compiler.scenario2.generated.impl_v070614_112252.KBImpl#isAncestor_01
1765 [main] INFO nz.org.take.compiler.reference.DefaultCompiler  - Method created: test.nz.org.take.compiler.scenario2.generated.impl_v070614_112252.KBImpl#isFather_01
1765 [main] INFO nz.org.take.compiler.reference.DefaultCompiler  - Class created: test.nz.org.take.compiler.scenario2.generated.impl_v070614_112252.KBImpl
1765 [main] INFO nz.org.take.compiler.reference.DefaultCompiler  - Class created: test.nz.org.take.compiler.scenario2.generated.impl_v070614_112252._isFather
starting test case 2
1. rule1
2. fact2
// script for test scenario 1
@@dc:date=30/02/2007
@@dc:creator=author jens dietrich
var java.lang.String descendant,ancestor,x
@take.compilerhint.slots=person1,person2
@take.compilerhint.method=isAncestor
@take.compilerhint.class=AncestorRelationship
query isAncestor[in,in]
rule1: if isFather[descendant,ancestor] then isAncestor[descendant,ancestor]
rule2: if isAncestor[x,ancestor] and isFather[descendant,x] then isAncestor[descendant,ancestor]
fact1: isFather["r0","r"]
fact2: isFather["r1","r"]
fact3: isFather["r00","r0"]
fact4: isFather["r01","r0"]
fact5: isFather["r10","r1"]
fact6: isFather["r11","r1"]
fact7: isFather["r000","r00"]
fact8: isFather["r001","r00"]
fact9: isFather["r010","r01"]
fact10: isFather["r011","r01"]
fact11: isFather["r100","r10"]
fact12: isFather["r101","r10"]
fact13: isFather["r110","r11"]
fact14: isFather["r111","r11"]
2234 [main] DEBUG nz.org.take.script.ScriptKnowledgeSource  - Interpreting predicate symbol isFather[in line 9] as simple predicate
2234 [main] DEBUG nz.org.take.script.ScriptKnowledgeSource  - Interpreting predicate symbol isAncestor[in line 9] as simple predicate
2234 [main] DEBUG nz.org.take.script.ScriptKnowledgeSource  - Interpreting predicate symbol isAncestor[in line 10] as simple predicate
2234 [main] DEBUG nz.org.take.script.ScriptKnowledgeSource  - Interpreting predicate symbol isFather[in line 10] as simple predicate
2234 [main] DEBUG nz.org.take.script.ScriptKnowledgeSource  - Interpreting predicate symbol isAncestor[in line 10] as simple predicate
2234 [main] DEBUG nz.org.take.script.ScriptKnowledgeSource  - Interpreting predicate symbol isFather[in line 11] as simple predicate
2234 [main] DEBUG nz.org.take.script.ScriptKnowledgeSource  - Interpreting predicate symbol isFather[in line 12] as simple predicate
2234 [main] DEBUG nz.org.take.script.ScriptKnowledgeSource  - Interpreting predicate symbol isFather[in line 13] as simple predicate
2234 [main] DEBUG nz.org.take.script.ScriptKnowledgeSource  - Interpreting predicate symbol isFather[in line 14] as simple predicate
2234 [main] DEBUG nz.org.take.script.ScriptKnowledgeSource  - Interpreting predicate symbol isFather[in line 15] as simple predicate
2234 [main] DEBUG nz.org.take.script.ScriptKnowledgeSource  - Interpreting predicate symbol isFather[in line 16] as simple predicate
2234 [main] DEBUG nz.org.take.script.ScriptKnowledgeSource  - Interpreting predicate symbol isFather[in line 17] as simple predicate
2234 [main] DEBUG nz.org.take.script.ScriptKnowledgeSource  - Interpreting predicate symbol isFather[in line 18] as simple predicate
2234 [main] DEBUG nz.org.take.script.ScriptKnowledgeSource  - Interpreting predicate symbol isFather[in line 19] as simple predicate
2234 [main] DEBUG nz.org.take.script.ScriptKnowledgeSource  - Interpreting predicate symbol isFather[in line 20] as simple predicate
2234 [main] DEBUG nz.org.take.script.ScriptKnowledgeSource  - Interpreting predicate symbol isFather[in line 21] as simple predicate
2234 [main] DEBUG nz.org.take.script.ScriptKnowledgeSource  - Interpreting predicate symbol isFather[in line 22] as simple predicate
2234 [main] DEBUG nz.org.take.script.ScriptKnowledgeSource  - Interpreting predicate symbol isFather[in line 23] as simple predicate
2234 [main] DEBUG nz.org.take.script.ScriptKnowledgeSource  - Interpreting predicate symbol isFather[in line 24] as simple predicate
2234 [main] DEBUG nz.org.take.compiler.reference.DefaultCompiler  - Adding query to agenda: /isAncestor[in,in]
2250 [main] DEBUG nz.org.take.compiler.reference.DefaultCompiler  - Adding query to agenda: /isFather[in,in]
2250 [main] DEBUG nz.org.take.compiler.reference.DefaultCompiler  - Adding query to agenda: /isAncestor[out,in]
2250 [main] INFO nz.org.take.compiler.reference.DefaultCompiler  - Method created: test.nz.org.take.compiler.scenario2.generated.impl_v070614_112252.KBImpl#isAncestor
2250 [main] INFO nz.org.take.compiler.reference.DefaultCompiler  - Method created: test.nz.org.take.compiler.scenario2.generated.impl_v070614_112252.KBImpl#isFather_11
2250 [main] DEBUG nz.org.take.compiler.reference.DefaultCompiler  - Adding query to agenda: /isFather[out,in]
2250 [main] INFO nz.org.take.compiler.reference.DefaultCompiler  - Method created: test.nz.org.take.compiler.scenario2.generated.impl_v070614_112252.KBImpl#isAncestor_01
2250 [main] INFO nz.org.take.compiler.reference.DefaultCompiler  - Method created: test.nz.org.take.compiler.scenario2.generated.impl_v070614_112252.KBImpl#isFather_01
2250 [main] INFO nz.org.take.compiler.reference.DefaultCompiler  - Class created: test.nz.org.take.compiler.scenario2.generated.impl_v070614_112252.KBImpl
2265 [main] INFO nz.org.take.compiler.reference.DefaultCompiler  - Class created: test.nz.org.take.compiler.scenario2.generated.impl_v070614_112252._isFather
starting test case 3
1. rule2
2. rule1
3. fact1
4. fact3
// script for test scenario 1
@@dc:date=30/02/2007
@@dc:creator=author jens dietrich
var java.lang.String descendant,ancestor,x
@take.compilerhint.slots=person1,person2
@take.compilerhint.method=isAncestor
@take.compilerhint.class=AncestorRelationship
query isAncestor[in,in]
rule1: if isFather[descendant,ancestor] then isAncestor[descendant,ancestor]
rule2: if isAncestor[x,ancestor] and isFather[descendant,x] then isAncestor[descendant,ancestor]
fact1: isFather["r0","r"]
fact2: isFather["r1","r"]
fact3: isFather["r00","r0"]
fact4: isFather["r01","r0"]
fact5: isFather["r10","r1"]
fact6: isFather["r11","r1"]
fact7: isFather["r000","r00"]
fact8: isFather["r001","r00"]
fact9: isFather["r010","r01"]
fact10: isFather["r011","r01"]
fact11: isFather["r100","r10"]
fact12: isFather["r101","r10"]
fact13: isFather["r110","r11"]
fact14: isFather["r111","r11"]
2640 [main] DEBUG nz.org.take.script.ScriptKnowledgeSource  - Interpreting predicate symbol isFather[in line 9] as simple predicate
2640 [main] DEBUG nz.org.take.script.ScriptKnowledgeSource  - Interpreting predicate symbol isAncestor[in line 9] as simple predicate
2640 [main] DEBUG nz.org.take.script.ScriptKnowledgeSource  - Interpreting predicate symbol isAncestor[in line 10] as simple predicate
2640 [main] DEBUG nz.org.take.script.ScriptKnowledgeSource  - Interpreting predicate symbol isFather[in line 10] as simple predicate
2640 [main] DEBUG nz.org.take.script.ScriptKnowledgeSource  - Interpreting predicate symbol isAncestor[in line 10] as simple predicate
2640 [main] DEBUG nz.org.take.script.ScriptKnowledgeSource  - Interpreting predicate symbol isFather[in line 11] as simple predicate
2640 [main] DEBUG nz.org.take.script.ScriptKnowledgeSource  - Interpreting predicate symbol isFather[in line 12] as simple predicate
2640 [main] DEBUG nz.org.take.script.ScriptKnowledgeSource  - Interpreting predicate symbol isFather[in line 13] as simple predicate
2640 [main] DEBUG nz.org.take.script.ScriptKnowledgeSource  - Interpreting predicate symbol isFather[in line 14] as simple predicate
2640 [main] DEBUG nz.org.take.script.ScriptKnowledgeSource  - Interpreting predicate symbol isFather[in line 15] as simple predicate
2640 [main] DEBUG nz.org.take.script.ScriptKnowledgeSource  - Interpreting predicate symbol isFather[in line 16] as simple predicate
2640 [main] DEBUG nz.org.take.script.ScriptKnowledgeSource  - Interpreting predicate symbol isFather[in line 17] as simple predicate
2640 [main] DEBUG nz.org.take.script.ScriptKnowledgeSource  - Interpreting predicate symbol isFather[in line 18] as simple predicate
2640 [main] DEBUG nz.org.take.script.ScriptKnowledgeSource  - Interpreting predicate symbol isFather[in line 19] as simple predicate
2640 [main] DEBUG nz.org.take.script.ScriptKnowledgeSource  - Interpreting predicate symbol isFather[in line 20] as simple predicate
2640 [main] DEBUG nz.org.take.script.ScriptKnowledgeSource  - Interpreting predicate symbol isFather[in line 21] as simple predicate
2640 [main] DEBUG nz.org.take.script.ScriptKnowledgeSource  - Interpreting predicate symbol isFather[in line 22] as simple predicate
2640 [main] DEBUG nz.org.take.script.ScriptKnowledgeSource  - Interpreting predicate symbol isFather[in line 23] as simple predicate
2640 [main] DEBUG nz.org.take.script.ScriptKnowledgeSource  - Interpreting predicate symbol isFather[in line 24] as simple predicate
2640 [main] DEBUG nz.org.take.compiler.reference.DefaultCompiler  - Adding query to agenda: /isAncestor[in,in]
2656 [main] DEBUG nz.org.take.compiler.reference.DefaultCompiler  - Adding query to agenda: /isFather[in,in]
2656 [main] DEBUG nz.org.take.compiler.reference.DefaultCompiler  - Adding query to agenda: /isAncestor[out,in]
2656 [main] INFO nz.org.take.compiler.reference.DefaultCompiler  - Method created: test.nz.org.take.compiler.scenario2.generated.impl_v070614_112253.KBImpl#isAncestor
2656 [main] INFO nz.org.take.compiler.reference.DefaultCompiler  - Method created: test.nz.org.take.compiler.scenario2.generated.impl_v070614_112253.KBImpl#isFather_11
2656 [main] DEBUG nz.org.take.compiler.reference.DefaultCompiler  - Adding query to agenda: /isFather[out,in]
2656 [main] INFO nz.org.take.compiler.reference.DefaultCompiler  - Method created: test.nz.org.take.compiler.scenario2.generated.impl_v070614_112253.KBImpl#isAncestor_01
2656 [main] INFO nz.org.take.compiler.reference.DefaultCompiler  - Method created: test.nz.org.take.compiler.scenario2.generated.impl_v070614_112253.KBImpl#isFather_01
2672 [main] INFO nz.org.take.compiler.reference.DefaultCompiler  - Class created: test.nz.org.take.compiler.scenario2.generated.impl_v070614_112253.KBImpl
2672 [main] INFO nz.org.take.compiler.reference.DefaultCompiler  - Class created: test.nz.org.take.compiler.scenario2.generated.impl_v070614_112253._isFather
starting test case 4
1. rule2
2. rule1
3. fact2
4. fact6
// script for test scenario 1
@@dc:date=30/02/2007
@@dc:creator=author jens dietrich
var java.lang.String descendant,ancestor,x
@take.compilerhint.slots=person1,person2
@take.compilerhint.method=isAncestor
@take.compilerhint.class=AncestorRelationship
query isAncestor[in,in]
rule1: if isFather[descendant,ancestor] then isAncestor[descendant,ancestor]
rule2: if isAncestor[x,ancestor] and isFather[descendant,x] then isAncestor[descendant,ancestor]
fact1: isFather["r0","r"]
fact2: isFather["r1","r"]
fact3: isFather["r00","r0"]
fact4: isFather["r01","r0"]
fact5: isFather["r10","r1"]
fact6: isFather["r11","r1"]
fact7: isFather["r000","r00"]
fact8: isFather["r001","r00"]
fact9: isFather["r010","r01"]
fact10: isFather["r011","r01"]
fact11: isFather["r100","r10"]
fact12: isFather["r101","r10"]
fact13: isFather["r110","r11"]
fact14: isFather["r111","r11"]
3140 [main] DEBUG nz.org.take.script.ScriptKnowledgeSource  - Interpreting predicate symbol isFather[in line 9] as simple predicate
3140 [main] DEBUG nz.org.take.script.ScriptKnowledgeSource  - Interpreting predicate symbol isAncestor[in line 9] as simple predicate
3140 [main] DEBUG nz.org.take.script.ScriptKnowledgeSource  - Interpreting predicate symbol isAncestor[in line 10] as simple predicate
3140 [main] DEBUG nz.org.take.script.ScriptKnowledgeSource  - Interpreting predicate symbol isFather[in line 10] as simple predicate
3140 [main] DEBUG nz.org.take.script.ScriptKnowledgeSource  - Interpreting predicate symbol isAncestor[in line 10] as simple predicate
3140 [main] DEBUG nz.org.take.script.ScriptKnowledgeSource  - Interpreting predicate symbol isFather[in line 11] as simple predicate
3140 [main] DEBUG nz.org.take.script.ScriptKnowledgeSource  - Interpreting predicate symbol isFather[in line 12] as simple predicate
3140 [main] DEBUG nz.org.take.script.ScriptKnowledgeSource  - Interpreting predicate symbol isFather[in line 13] as simple predicate
3140 [main] DEBUG nz.org.take.script.ScriptKnowledgeSource  - Interpreting predicate symbol isFather[in line 14] as simple predicate
3140 [main] DEBUG nz.org.take.script.ScriptKnowledgeSource  - Interpreting predicate symbol isFather[in line 15] as simple predicate
3140 [main] DEBUG nz.org.take.script.ScriptKnowledgeSource  - Interpreting predicate symbol isFather[in line 16] as simple predicate
3140 [main] DEBUG nz.org.take.script.ScriptKnowledgeSource  - Interpreting predicate symbol isFather[in line 17] as simple predicate
3140 [main] DEBUG nz.org.take.script.ScriptKnowledgeSource  - Interpreting predicate symbol isFather[in line 18] as simple predicate
3140 [main] DEBUG nz.org.take.script.ScriptKnowledgeSource  - Interpreting predicate symbol isFather[in line 19] as simple predicate
3140 [main] DEBUG nz.org.take.script.ScriptKnowledgeSource  - Interpreting predicate symbol isFather[in line 20] as simple predicate
3140 [main] DEBUG nz.org.take.script.ScriptKnowledgeSource  - Interpreting predicate symbol isFather[in line 21] as simple predicate
3140 [main] DEBUG nz.org.take.script.ScriptKnowledgeSource  - Interpreting predicate symbol isFather[in line 22] as simple predicate
3140 [main] DEBUG nz.org.take.script.ScriptKnowledgeSource  - Interpreting predicate symbol isFather[in line 23] as simple predicate
3140 [main] DEBUG nz.org.take.script.ScriptKnowledgeSource  - Interpreting predicate symbol isFather[in line 24] as simple predicate
3140 [main] DEBUG nz.org.take.compiler.reference.DefaultCompiler  - Adding query to agenda: /isAncestor[in,in]
3156 [main] DEBUG nz.org.take.compiler.reference.DefaultCompiler  - Adding query to agenda: /isFather[in,in]
3156 [main] DEBUG nz.org.take.compiler.reference.DefaultCompiler  - Adding query to agenda: /isAncestor[out,in]
3156 [main] INFO nz.org.take.compiler.reference.DefaultCompiler  - Method created: test.nz.org.take.compiler.scenario2.generated.impl_v070614_112253.KBImpl#isAncestor
3156 [main] INFO nz.org.take.compiler.reference.DefaultCompiler  - Method created: test.nz.org.take.compiler.scenario2.generated.impl_v070614_112253.KBImpl#isFather_11
3156 [main] DEBUG nz.org.take.compiler.reference.DefaultCompiler  - Adding query to agenda: /isFather[out,in]
3156 [main] INFO nz.org.take.compiler.reference.DefaultCompiler  - Method created: test.nz.org.take.compiler.scenario2.generated.impl_v070614_112253.KBImpl#isAncestor_01
3156 [main] INFO nz.org.take.compiler.reference.DefaultCompiler  - Method created: test.nz.org.take.compiler.scenario2.generated.impl_v070614_112253.KBImpl#isFather_01
3156 [main] INFO nz.org.take.compiler.reference.DefaultCompiler  - Class created: test.nz.org.take.compiler.scenario2.generated.impl_v070614_112253.KBImpl
3172 [main] INFO nz.org.take.compiler.reference.DefaultCompiler  - Class created: test.nz.org.take.compiler.scenario2.generated.impl_v070614_112253._isFather
starting test case 5
1. rule2
2. rule2
3. rule1
4. fact1
5. fact3
6. fact7
]]></system-out>

      <system-err><![CDATA[]]></system-err>

  </testsuite>
  <testsuite errors="0" failures="0" id="2" name="Tests" package="test.nz.org.take.compiler.scenario3" tests="2" time="2.094">
  
    <properties>
[...]
</properties>

      <testcase classname="test.nz.org.take.compiler.scenario3.Tests" name="test1" time="1.656"></testcase>

      <testcase classname="test.nz.org.take.compiler.scenario3.Tests" name="test2" time="0.406"></testcase>

      <system-out><![CDATA[0 [main] DEBUG nz.org.take.script.ScriptKnowledgeSource  - Interpreting predicate symbol sameAs[in line 14] as Java method public boolean test.nz.org.take.compiler.scenario3.Person.sameAs(test.nz.org.take.compiler.scenario3.Person)
15 [main] DEBUG nz.org.take.script.ScriptKnowledgeSource  - Interpreting predicate symbol isBrother[in line 14] as simple predicate
15 [main] DEBUG nz.org.take.script.ScriptKnowledgeSource  - Interpreting predicate symbol equals[in line 15] as Java method public boolean test.nz.org.take.compiler.scenario3.Person.equals(java.lang.Object)
15 [main] DEBUG nz.org.take.script.ScriptKnowledgeSource  - Interpreting predicate symbol isBrother2[in line 15] as simple predicate
94 [main] DEBUG nz.org.take.compiler.reference.CompilerPlugin4PropertyPredicates  - SimpleLog4JLogSystem using category 'nz.org.take.compiler.reference.CompilerPlugin4PropertyPredicates'
94 [main] DEBUG nz.org.take.compiler.reference.CompilerPlugin4PropertyPredicates  - *******************************************************************
94 [main] DEBUG nz.org.take.compiler.reference.CompilerPlugin4PropertyPredicates  - Starting Apache Velocity v1.5 (compiled: 2007-02-22 08:52:29)
94 [main] DEBUG nz.org.take.compiler.reference.CompilerPlugin4PropertyPredicates  - RuntimeInstance initializing.
94 [main] DEBUG nz.org.take.compiler.reference.CompilerPlugin4PropertyPredicates  - Default Properties File: org\apache\velocity\runtime\defaults\velocity.properties
94 [main] DEBUG nz.org.take.compiler.reference.CompilerPlugin4PropertyPredicates  - Trying to use logger class org.apache.velocity.runtime.log.SimpleLog4JLogSystem
94 [main] INFO nz.org.take.compiler.reference.CompilerPlugin4PropertyPredicates  - LogSystem has been deprecated. Please use a LogChute implementation.
94 [main] DEBUG nz.org.take.compiler.reference.CompilerPlugin4PropertyPredicates  - Default ResourceManager initializing. (class org.apache.velocity.runtime.resource.ResourceManagerImpl)
94 [main] DEBUG nz.org.take.compiler.reference.CompilerPlugin4PropertyPredicates  - ResourceLoader instantiated: org.apache.velocity.runtime.resource.loader.ClasspathResourceLoader
109 [main] DEBUG nz.org.take.compiler.reference.CompilerPlugin4PropertyPredicates  - ClasspathResourceLoader : initialization complete.
125 [main] DEBUG nz.org.take.compiler.reference.CompilerPlugin4PropertyPredicates  - ResourceCache: initialized (class org.apache.velocity.runtime.resource.ResourceCacheImpl)
125 [main] DEBUG nz.org.take.compiler.reference.CompilerPlugin4PropertyPredicates  - Default ResourceManager initialization complete.
125 [main] DEBUG nz.org.take.compiler.reference.CompilerPlugin4PropertyPredicates  - Loaded System Directive: org.apache.velocity.runtime.directive.Literal
125 [main] DEBUG nz.org.take.compiler.reference.CompilerPlugin4PropertyPredicates  - Loaded System Directive: org.apache.velocity.runtime.directive.Macro
125 [main] DEBUG nz.org.take.compiler.reference.CompilerPlugin4PropertyPredicates  - Loaded System Directive: org.apache.velocity.runtime.directive.Parse
125 [main] DEBUG nz.org.take.compiler.reference.CompilerPlugin4PropertyPredicates  - Loaded System Directive: org.apache.velocity.runtime.directive.Include
125 [main] DEBUG nz.org.take.compiler.reference.CompilerPlugin4PropertyPredicates  - Loaded System Directive: org.apache.velocity.runtime.directive.Foreach
187 [main] DEBUG nz.org.take.compiler.reference.CompilerPlugin4PropertyPredicates  - Created '20' parsers.
187 [main] DEBUG nz.org.take.compiler.reference.CompilerPlugin4PropertyPredicates  - Velocimacro : initialization starting.
187 [main] DEBUG nz.org.take.compiler.reference.CompilerPlugin4PropertyPredicates  - Velocimacro : "velocimacro.library" is not set.  Trying default library: VM_global_library.vm
187 [main] DEBUG nz.org.take.compiler.reference.CompilerPlugin4PropertyPredicates  - Velocimacro : Default library not found.
187 [main] DEBUG nz.org.take.compiler.reference.CompilerPlugin4PropertyPredicates  - Velocimacro : allowInline = true : VMs can be defined inline in templates
187 [main] DEBUG nz.org.take.compiler.reference.CompilerPlugin4PropertyPredicates  - Velocimacro : allowInlineToOverride = false : VMs defined inline may NOT replace previous VM definitions
187 [main] DEBUG nz.org.take.compiler.reference.CompilerPlugin4PropertyPredicates  - Velocimacro : allowInlineLocal = false : VMs defined inline will be global in scope if allowed.
187 [main] DEBUG nz.org.take.compiler.reference.CompilerPlugin4PropertyPredicates  - Velocimacro : autoload off : VM system will not automatically reload global library macros
187 [main] DEBUG nz.org.take.compiler.reference.CompilerPlugin4PropertyPredicates  - Velocimacro : Velocimacro : initialization complete.
187 [main] DEBUG nz.org.take.compiler.reference.CompilerPlugin4PropertyPredicates  - RuntimeInstance successfully initialized.
203 [main] DEBUG nz.org.take.compiler.reference.CompilerPlugin4PropertyPredicates  - SimpleLog4JLogSystem using category 'nz.org.take.compiler.reference.CompilerPlugin4PropertyPredicates'
203 [main] DEBUG nz.org.take.compiler.reference.CompilerPlugin4PropertyPredicates  - *******************************************************************
203 [main] DEBUG nz.org.take.compiler.reference.CompilerPlugin4PropertyPredicates  - Starting Apache Velocity v1.5 (compiled: 2007-02-22 08:52:29)
203 [main] DEBUG nz.org.take.compiler.reference.CompilerPlugin4PropertyPredicates  - RuntimeInstance initializing.
203 [main] DEBUG nz.org.take.compiler.reference.CompilerPlugin4PropertyPredicates  - Default Properties File: org\apache\velocity\runtime\defaults\velocity.properties
203 [main] DEBUG nz.org.take.compiler.reference.CompilerPlugin4PropertyPredicates  - Trying to use logger class org.apache.velocity.runtime.log.SimpleLog4JLogSystem
203 [main] INFO nz.org.take.compiler.reference.CompilerPlugin4PropertyPredicates  - LogSystem has been deprecated. Please use a LogChute implementation.
203 [main] DEBUG nz.org.take.compiler.reference.CompilerPlugin4PropertyPredicates  - Default ResourceManager initializing. (class org.apache.velocity.runtime.resource.ResourceManagerImpl)
203 [main] DEBUG nz.org.take.compiler.reference.CompilerPlugin4PropertyPredicates  - ResourceLoader instantiated: org.apache.velocity.runtime.resource.loader.ClasspathResourceLoader
203 [main] DEBUG nz.org.take.compiler.reference.CompilerPlugin4PropertyPredicates  - ClasspathResourceLoader : initialization complete.
203 [main] DEBUG nz.org.take.compiler.reference.CompilerPlugin4PropertyPredicates  - ResourceCache: initialized (class org.apache.velocity.runtime.resource.ResourceCacheImpl)
203 [main] DEBUG nz.org.take.compiler.reference.CompilerPlugin4PropertyPredicates  - Default ResourceManager initialization complete.
203 [main] DEBUG nz.org.take.compiler.reference.CompilerPlugin4PropertyPredicates  - Loaded System Directive: org.apache.velocity.runtime.directive.Literal
203 [main] DEBUG nz.org.take.compiler.reference.CompilerPlugin4PropertyPredicates  - Loaded System Directive: org.apache.velocity.runtime.directive.Macro
203 [main] DEBUG nz.org.take.compiler.reference.CompilerPlugin4PropertyPredicates  - Loaded System Directive: org.apache.velocity.runtime.directive.Parse
203 [main] DEBUG nz.org.take.compiler.reference.CompilerPlugin4PropertyPredicates  - Loaded System Directive: org.apache.velocity.runtime.directive.Include
203 [main] DEBUG nz.org.take.compiler.reference.CompilerPlugin4PropertyPredicates  - Loaded System Directive: org.apache.velocity.runtime.directive.Foreach
203 [main] DEBUG nz.org.take.compiler.reference.CompilerPlugin4PropertyPredicates  - Created '20' parsers.
203 [main] DEBUG nz.org.take.compiler.reference.CompilerPlugin4PropertyPredicates  - Velocimacro : initialization starting.
203 [main] DEBUG nz.org.take.compiler.reference.CompilerPlugin4PropertyPredicates  - Velocimacro : "velocimacro.library" is not set.  Trying default library: VM_global_library.vm
203 [main] DEBUG nz.org.take.compiler.reference.CompilerPlugin4PropertyPredicates  - Velocimacro : Default library not found.
203 [main] DEBUG nz.org.take.compiler.reference.CompilerPlugin4PropertyPredicates  - Velocimacro : allowInline = true : VMs can be defined inline in templates
203 [main] DEBUG nz.org.take.compiler.reference.CompilerPlugin4PropertyPredicates  - Velocimacro : allowInlineToOverride = false : VMs defined inline may NOT replace previous VM definitions
203 [main] DEBUG nz.org.take.compiler.reference.CompilerPlugin4PropertyPredicates  - Velocimacro : allowInlineLocal = false : VMs defined inline will be global in scope if allowed.
203 [main] DEBUG nz.org.take.compiler.reference.CompilerPlugin4PropertyPredicates  - Velocimacro : autoload off : VM system will not automatically reload global library macros
203 [main] DEBUG nz.org.take.compiler.reference.CompilerPlugin4PropertyPredicates  - Velocimacro : Velocimacro : initialization complete.
203 [main] DEBUG nz.org.take.compiler.reference.CompilerPlugin4PropertyPredicates  - RuntimeInstance successfully initialized.
219 [main] DEBUG nz.org.take.compiler.reference.CompilerPlugin4PropertyPredicates  - SimpleLog4JLogSystem using category 'nz.org.take.compiler.reference.CompilerPlugin4PropertyPredicates'
219 [main] DEBUG nz.org.take.compiler.reference.CompilerPlugin4PropertyPredicates  - *******************************************************************
219 [main] DEBUG nz.org.take.compiler.reference.CompilerPlugin4PropertyPredicates  - Starting Apache Velocity v1.5 (compiled: 2007-02-22 08:52:29)
219 [main] DEBUG nz.org.take.compiler.reference.CompilerPlugin4PropertyPredicates  - RuntimeInstance initializing.
219 [main] DEBUG nz.org.take.compiler.reference.CompilerPlugin4PropertyPredicates  - Default Properties File: org\apache\velocity\runtime\defaults\velocity.properties
219 [main] DEBUG nz.org.take.compiler.reference.CompilerPlugin4PropertyPredicates  - Trying to use logger class org.apache.velocity.runtime.log.SimpleLog4JLogSystem
219 [main] INFO nz.org.take.compiler.reference.CompilerPlugin4PropertyPredicates  - LogSystem has been deprecated. Please use a LogChute implementation.
219 [main] DEBUG nz.org.take.compiler.reference.CompilerPlugin4PropertyPredicates  - Default ResourceManager initializing. (class org.apache.velocity.runtime.resource.ResourceManagerImpl)
219 [main] DEBUG nz.org.take.compiler.reference.CompilerPlugin4PropertyPredicates  - ResourceLoader instantiated: org.apache.velocity.runtime.resource.loader.ClasspathResourceLoader
219 [main] DEBUG nz.org.take.compiler.reference.CompilerPlugin4PropertyPredicates  - ClasspathResourceLoader : initialization complete.
250 [main] DEBUG nz.org.take.compiler.reference.CompilerPlugin4PropertyPredicates  - ResourceCache: initialized (class org.apache.velocity.runtime.resource.ResourceCacheImpl)
250 [main] DEBUG nz.org.take.compiler.reference.CompilerPlugin4PropertyPredicates  - Default ResourceManager initialization complete.
250 [main] DEBUG nz.org.take.compiler.reference.CompilerPlugin4PropertyPredicates  - Loaded System Directive: org.apache.velocity.runtime.directive.Literal
250 [main] DEBUG nz.org.take.compiler.reference.CompilerPlugin4PropertyPredicates  - Loaded System Directive: org.apache.velocity.runtime.directive.Macro
250 [main] DEBUG nz.org.take.compiler.reference.CompilerPlugin4PropertyPredicates  - Loaded System Directive: org.apache.velocity.runtime.directive.Parse
[...]
78 [main] DEBUG nz.org.take.compiler.reference.CompilerPlugin4PropertyPredicates  - Starting Apache Velocity v1.5 (compiled: 2007-02-22 08:52:29)
78 [main] DEBUG nz.org.take.compiler.reference.CompilerPlugin4PropertyPredicates  - RuntimeInstance initializing.
78 [main] DEBUG nz.org.take.compiler.reference.CompilerPlugin4PropertyPredicates  - Default Properties File: org\apache\velocity\runtime\defaults\velocity.properties
78 [main] DEBUG nz.org.take.compiler.reference.CompilerPlugin4PropertyPredicates  - Trying to use logger class org.apache.velocity.runtime.log.SimpleLog4JLogSystem
78 [main] INFO nz.org.take.compiler.reference.CompilerPlugin4PropertyPredicates  - LogSystem has been deprecated. Please use a LogChute implementation.
78 [main] DEBUG nz.org.take.compiler.reference.CompilerPlugin4PropertyPredicates  - Default ResourceManager initializing. (class org.apache.velocity.runtime.resource.ResourceManagerImpl)
93 [main] DEBUG nz.org.take.compiler.reference.CompilerPlugin4PropertyPredicates  - ResourceLoader instantiated: org.apache.velocity.runtime.resource.loader.ClasspathResourceLoader
93 [main] DEBUG nz.org.take.compiler.reference.CompilerPlugin4PropertyPredicates  - ClasspathResourceLoader : initialization complete.
109 [main] DEBUG nz.org.take.compiler.reference.CompilerPlugin4PropertyPredicates  - ResourceCache: initialized (class org.apache.velocity.runtime.resource.ResourceCacheImpl)
109 [main] DEBUG nz.org.take.compiler.reference.CompilerPlugin4PropertyPredicates  - Default ResourceManager initialization complete.
109 [main] DEBUG nz.org.take.compiler.reference.CompilerPlugin4PropertyPredicates  - Loaded System Directive: org.apache.velocity.runtime.directive.Literal
109 [main] DEBUG nz.org.take.compiler.reference.CompilerPlugin4PropertyPredicates  - Loaded System Directive: org.apache.velocity.runtime.directive.Macro
109 [main] DEBUG nz.org.take.compiler.reference.CompilerPlugin4PropertyPredicates  - Loaded System Directive: org.apache.velocity.runtime.directive.Parse
125 [main] DEBUG nz.org.take.compiler.reference.CompilerPlugin4PropertyPredicates  - Loaded System Directive: org.apache.velocity.runtime.directive.Include
125 [main] DEBUG nz.org.take.compiler.reference.CompilerPlugin4PropertyPredicates  - Loaded System Directive: org.apache.velocity.runtime.directive.Foreach
172 [main] DEBUG nz.org.take.compiler.reference.CompilerPlugin4PropertyPredicates  - Created '20' parsers.
187 [main] DEBUG nz.org.take.compiler.reference.CompilerPlugin4PropertyPredicates  - Velocimacro : initialization starting.
187 [main] DEBUG nz.org.take.compiler.reference.CompilerPlugin4PropertyPredicates  - Velocimacro : "velocimacro.library" is not set.  Trying default library: VM_global_library.vm
187 [main] DEBUG nz.org.take.compiler.reference.CompilerPlugin4PropertyPredicates  - Velocimacro : Default library not found.
187 [main] DEBUG nz.org.take.compiler.reference.CompilerPlugin4PropertyPredicates  - Velocimacro : allowInline = true : VMs can be defined inline in templates
187 [main] DEBUG nz.org.take.compiler.reference.CompilerPlugin4PropertyPredicates  - Velocimacro : allowInlineToOverride = false : VMs defined inline may NOT replace previous VM definitions
187 [main] DEBUG nz.org.take.compiler.reference.CompilerPlugin4PropertyPredicates  - Velocimacro : allowInlineLocal = false : VMs defined inline will be global in scope if allowed.
187 [main] DEBUG nz.org.take.compiler.reference.CompilerPlugin4PropertyPredicates  - Velocimacro : autoload off : VM system will not automatically reload global library macros
187 [main] DEBUG nz.org.take.compiler.reference.CompilerPlugin4PropertyPredicates  - Velocimacro : Velocimacro : initialization complete.
187 [main] DEBUG nz.org.take.compiler.reference.CompilerPlugin4PropertyPredicates  - RuntimeInstance successfully initialized.
187 [main] DEBUG nz.org.take.compiler.reference.CompilerPlugin4PropertyPredicates  - SimpleLog4JLogSystem using category 'nz.org.take.compiler.reference.CompilerPlugin4PropertyPredicates'
187 [main] DEBUG nz.org.take.compiler.reference.CompilerPlugin4PropertyPredicates  - *******************************************************************
187 [main] DEBUG nz.org.take.compiler.reference.CompilerPlugin4PropertyPredicates  - Starting Apache Velocity v1.5 (compiled: 2007-02-22 08:52:29)
187 [main] DEBUG nz.org.take.compiler.reference.CompilerPlugin4PropertyPredicates  - RuntimeInstance initializing.
187 [main] DEBUG nz.org.take.compiler.reference.CompilerPlugin4PropertyPredicates  - Default Properties File: org\apache\velocity\runtime\defaults\velocity.properties
187 [main] DEBUG nz.org.take.compiler.reference.CompilerPlugin4PropertyPredicates  - Trying to use logger class org.apache.velocity.runtime.log.SimpleLog4JLogSystem
187 [main] INFO nz.org.take.compiler.reference.CompilerPlugin4PropertyPredicates  - LogSystem has been deprecated. Please use a LogChute implementation.
187 [main] DEBUG nz.org.take.compiler.reference.CompilerPlugin4PropertyPredicates  - Default ResourceManager initializing. (class org.apache.velocity.runtime.resource.ResourceManagerImpl)
187 [main] DEBUG nz.org.take.compiler.reference.CompilerPlugin4PropertyPredicates  - ResourceLoader instantiated: org.apache.velocity.runtime.resource.loader.ClasspathResourceLoader
187 [main] DEBUG nz.org.take.compiler.reference.CompilerPlugin4PropertyPredicates  - ClasspathResourceLoader : initialization complete.
187 [main] DEBUG nz.org.take.compiler.reference.CompilerPlugin4PropertyPredicates  - ResourceCache: initialized (class org.apache.velocity.runtime.resource.ResourceCacheImpl)
187 [main] DEBUG nz.org.take.compiler.reference.CompilerPlugin4PropertyPredicates  - Default ResourceManager initialization complete.
187 [main] DEBUG nz.org.take.compiler.reference.CompilerPlugin4PropertyPredicates  - Loaded System Directive: org.apache.velocity.runtime.directive.Literal
187 [main] DEBUG nz.org.take.compiler.reference.CompilerPlugin4PropertyPredicates  - Loaded System Directive: org.apache.velocity.runtime.directive.Macro
187 [main] DEBUG nz.org.take.compiler.reference.CompilerPlugin4PropertyPredicates  - Loaded System Directive: org.apache.velocity.runtime.directive.Parse
187 [main] DEBUG nz.org.take.compiler.reference.CompilerPlugin4PropertyPredicates  - Loaded System Directive: org.apache.velocity.runtime.directive.Include
187 [main] DEBUG nz.org.take.compiler.reference.CompilerPlugin4PropertyPredicates  - Loaded System Directive: org.apache.velocity.runtime.directive.Foreach
218 [main] DEBUG nz.org.take.compiler.reference.CompilerPlugin4PropertyPredicates  - Created '20' parsers.
218 [main] DEBUG nz.org.take.compiler.reference.CompilerPlugin4PropertyPredicates  - Velocimacro : initialization starting.
218 [main] DEBUG nz.org.take.compiler.reference.CompilerPlugin4PropertyPredicates  - Velocimacro : "velocimacro.library" is not set.  Trying default library: VM_global_library.vm
218 [main] DEBUG nz.org.take.compiler.reference.CompilerPlugin4PropertyPredicates  - Velocimacro : Default library not found.
218 [main] DEBUG nz.org.take.compiler.reference.CompilerPlugin4PropertyPredicates  - Velocimacro : allowInline = true : VMs can be defined inline in templates
218 [main] DEBUG nz.org.take.compiler.reference.CompilerPlugin4PropertyPredicates  - Velocimacro : allowInlineToOverride = false : VMs defined inline may NOT replace previous VM definitions
218 [main] DEBUG nz.org.take.compiler.reference.CompilerPlugin4PropertyPredicates  - Velocimacro : allowInlineLocal = false : VMs defined inline will be global in scope if allowed.
218 [main] DEBUG nz.org.take.compiler.reference.CompilerPlugin4PropertyPredicates  - Velocimacro : autoload off : VM system will not automatically reload global library macros
218 [main] DEBUG nz.org.take.compiler.reference.CompilerPlugin4PropertyPredicates  - Velocimacro : Velocimacro : initialization complete.
218 [main] DEBUG nz.org.take.compiler.reference.CompilerPlugin4PropertyPredicates  - RuntimeInstance successfully initialized.
234 [main] DEBUG nz.org.take.compiler.reference.CompilerPlugin4PropertyPredicates  - SimpleLog4JLogSystem using category 'nz.org.take.compiler.reference.CompilerPlugin4PropertyPredicates'
234 [main] DEBUG nz.org.take.compiler.reference.CompilerPlugin4PropertyPredicates  - *******************************************************************
234 [main] DEBUG nz.org.take.compiler.reference.CompilerPlugin4PropertyPredicates  - Starting Apache Velocity v1.5 (compiled: 2007-02-22 08:52:29)
234 [main] DEBUG nz.org.take.compiler.reference.CompilerPlugin4PropertyPredicates  - RuntimeInstance initializing.
234 [main] DEBUG nz.org.take.compiler.reference.CompilerPlugin4PropertyPredicates  - Default Properties File: org\apache\velocity\runtime\defaults\velocity.properties
234 [main] DEBUG nz.org.take.compiler.reference.CompilerPlugin4PropertyPredicates  - Trying to use logger class org.apache.velocity.runtime.log.SimpleLog4JLogSystem
234 [main] INFO nz.org.take.compiler.reference.CompilerPlugin4PropertyPredicates  - LogSystem has been deprecated. Please use a LogChute implementation.
234 [main] DEBUG nz.org.take.compiler.reference.CompilerPlugin4PropertyPredicates  - Default ResourceManager initializing. (class org.apache.velocity.runtime.resource.ResourceManagerImpl)
234 [main] DEBUG nz.org.take.compiler.reference.CompilerPlugin4PropertyPredicates  - ResourceLoader instantiated: org.apache.velocity.runtime.resource.loader.ClasspathResourceLoader
234 [main] DEBUG nz.org.take.compiler.reference.CompilerPlugin4PropertyPredicates  - ClasspathResourceLoader : initialization complete.
234 [main] DEBUG nz.org.take.compiler.reference.CompilerPlugin4PropertyPredicates  - ResourceCache: initialized (class org.apache.velocity.runtime.resource.ResourceCacheImpl)
234 [main] DEBUG nz.org.take.compiler.reference.CompilerPlugin4PropertyPredicates  - Default ResourceManager initialization complete.
234 [main] DEBUG nz.org.take.compiler.reference.CompilerPlugin4PropertyPredicates  - Loaded System Directive: org.apache.velocity.runtime.directive.Literal
234 [main] DEBUG nz.org.take.compiler.reference.CompilerPlugin4PropertyPredicates  - Loaded System Directive: org.apache.velocity.runtime.directive.Macro
234 [main] DEBUG nz.org.take.compiler.reference.CompilerPlugin4PropertyPredicates  - Loaded System Directive: org.apache.velocity.runtime.directive.Parse
234 [main] DEBUG nz.org.take.compiler.reference.CompilerPlugin4PropertyPredicates  - Loaded System Directive: org.apache.velocity.runtime.directive.Include
234 [main] DEBUG nz.org.take.compiler.reference.CompilerPlugin4PropertyPredicates  - Loaded System Directive: org.apache.velocity.runtime.directive.Foreach
234 [main] DEBUG nz.org.take.compiler.reference.CompilerPlugin4PropertyPredicates  - Created '20' parsers.
234 [main] DEBUG nz.org.take.compiler.reference.CompilerPlugin4PropertyPredicates  - Velocimacro : initialization starting.
234 [main] DEBUG nz.org.take.compiler.reference.CompilerPlugin4PropertyPredicates  - Velocimacro : "velocimacro.library" is not set.  Trying default library: VM_global_library.vm
234 [main] DEBUG nz.org.take.compiler.reference.CompilerPlugin4PropertyPredicates  - Velocimacro : Default library not found.
234 [main] DEBUG nz.org.take.compiler.reference.CompilerPlugin4PropertyPredicates  - Velocimacro : allowInline = true : VMs can be defined inline in templates
234 [main] DEBUG nz.org.take.compiler.reference.CompilerPlugin4PropertyPredicates  - Velocimacro : allowInlineToOverride = false : VMs defined inline may NOT replace previous VM definitions
234 [main] DEBUG nz.org.take.compiler.reference.CompilerPlugin4PropertyPredicates  - Velocimacro : allowInlineLocal = false : VMs defined inline will be global in scope if allowed.
234 [main] DEBUG nz.org.take.compiler.reference.CompilerPlugin4PropertyPredicates  - Velocimacro : autoload off : VM system will not automatically reload global library macros
234 [main] DEBUG nz.org.take.compiler.reference.CompilerPlugin4PropertyPredicates  - Velocimacro : Velocimacro : initialization complete.
234 [main] DEBUG nz.org.take.compiler.reference.CompilerPlugin4PropertyPredicates  - RuntimeInstance successfully initialized.
250 [main] DEBUG nz.org.take.compiler.reference.DefaultCompiler  - Adding query to agenda: /is_father_of[in,out]
250 [main] DEBUG nz.org.take.compiler.reference.DefaultCompiler  - Adding query to agenda: /is_father_of[out,in]
250 [main] DEBUG nz.org.take.compiler.reference.DefaultCompiler  - Adding query to agenda: /is_grandfather_of[in,out]
250 [main] DEBUG nz.org.take.compiler.reference.DefaultCompiler  - Adding query to agenda: /is_grandfather_of[out,in]
265 [main] INFO nz.org.take.compiler.reference.DefaultCompiler  - Method created: test.nz.org.take.compiler.scenario8.generated.impl_v070614_112307.KBImpl#getFather
281 [main] INFO nz.org.take.compiler.reference.DefaultCompiler  - Method created: test.nz.org.take.compiler.scenario8.generated.impl_v070614_112307.KBImpl#getSons
281 [main] INFO nz.org.take.compiler.reference.DefaultCompiler  - Method created: test.nz.org.take.compiler.scenario8.generated.impl_v070614_112307.KBImpl#getGrandfather
281 [main] DEBUG nz.org.take.compiler.reference.DefaultCompiler  - Adding query to agenda: /is_father_of[out,out]
281 [main] DEBUG nz.org.take.compiler.reference.DefaultCompiler  - Adding query to agenda: /is_father_of[in,in]
281 [main] INFO nz.org.take.compiler.reference.DefaultCompiler  - Method created: test.nz.org.take.compiler.scenario8.generated.impl_v070614_112307.KBImpl#getGrandchildren
281 [main] INFO nz.org.take.compiler.reference.DefaultCompiler  - Method created: test.nz.org.take.compiler.scenario8.generated.impl_v070614_112307.KBImpl#is_father_of_00
297 [main] INFO nz.org.take.compiler.reference.DefaultCompiler  - Method created: test.nz.org.take.compiler.scenario8.generated.impl_v070614_112307.KBImpl#is_father_of_11
297 [main] INFO nz.org.take.compiler.reference.DefaultCompiler  - Class created: test.nz.org.take.compiler.scenario8.generated.impl_v070614_112307.KBImpl
closing external fact set
1968 [main] DEBUG nz.org.take.script.ScriptKnowledgeSource  - Interpreting predicate symbol is_father_of[in line 21] as simple predicate
1968 [main] DEBUG nz.org.take.script.ScriptKnowledgeSource  - Interpreting predicate symbol is_father_of[in line 21] as simple predicate
1968 [main] DEBUG nz.org.take.script.ScriptKnowledgeSource  - Interpreting predicate symbol is_grandfather_of[in line 21] as simple predicate
1968 [main] DEBUG nz.org.take.compiler.reference.DefaultCompiler  - Adding query to agenda: /is_father_of[in,out]
1968 [main] DEBUG nz.org.take.compiler.reference.DefaultCompiler  - Adding query to agenda: /is_father_of[out,in]
1968 [main] DEBUG nz.org.take.compiler.reference.DefaultCompiler  - Adding query to agenda: /is_grandfather_of[in,out]
1968 [main] DEBUG nz.org.take.compiler.reference.DefaultCompiler  - Adding query to agenda: /is_grandfather_of[out,in]
1984 [main] INFO nz.org.take.compiler.reference.DefaultCompiler  - Method created: test.nz.org.take.compiler.scenario8.generated.impl_v070614_112309.KBImpl#getFather
1984 [main] INFO nz.org.take.compiler.reference.DefaultCompiler  - Method created: test.nz.org.take.compiler.scenario8.generated.impl_v070614_112309.KBImpl#getSons
1984 [main] INFO nz.org.take.compiler.reference.DefaultCompiler  - Method created: test.nz.org.take.compiler.scenario8.generated.impl_v070614_112309.KBImpl#getGrandfather
1984 [main] DEBUG nz.org.take.compiler.reference.DefaultCompiler  - Adding query to agenda: /is_father_of[out,out]
1984 [main] DEBUG nz.org.take.compiler.reference.DefaultCompiler  - Adding query to agenda: /is_father_of[in,in]
1984 [main] INFO nz.org.take.compiler.reference.DefaultCompiler  - Method created: test.nz.org.take.compiler.scenario8.generated.impl_v070614_112309.KBImpl#getGrandchildren
1984 [main] INFO nz.org.take.compiler.reference.DefaultCompiler  - Method created: test.nz.org.take.compiler.scenario8.generated.impl_v070614_112309.KBImpl#is_father_of_00
1984 [main] INFO nz.org.take.compiler.reference.DefaultCompiler  - Method created: test.nz.org.take.compiler.scenario8.generated.impl_v070614_112309.KBImpl#is_father_of_11
1984 [main] INFO nz.org.take.compiler.reference.DefaultCompiler  - Class created: test.nz.org.take.compiler.scenario8.generated.impl_v070614_112309.KBImpl
closing external fact set
closing external fact set
]]></system-out>

      <system-err><![CDATA[]]></system-err>

  </testsuite>
  <testsuite errors="0" failures="0" id="8" name="ParserTests" package="test.nz.org.take.script" tests="28" time="0.094">
  
    <properties>
[...]
</properties>

      <testcase classname="test.nz.org.take.script.ParserTests" name="testVariables1" time="0.046"></testcase>

      <testcase classname="test.nz.org.take.script.ParserTests" name="testVariables2" time="0.0"></testcase>

      <testcase classname="test.nz.org.take.script.ParserTests" name="testVariables3" time="0.0"></testcase>

      <testcase classname="test.nz.org.take.script.ParserTests" name="testVariables4" time="0.0"></testcase>

      <testcase classname="test.nz.org.take.script.ParserTests" name="testFactStore1" time="0.0"></testcase>

      <testcase classname="test.nz.org.take.script.ParserTests" name="testFactStore2" time="0.0"></testcase>

      <testcase classname="test.nz.org.take.script.ParserTests" name="testObjectRefs1" time="0.0"></testcase>

      <testcase classname="test.nz.org.take.script.ParserTests" name="testObjectRefs2" time="0.0"></testcase>

      <testcase classname="test.nz.org.take.script.ParserTests" name="testRules1" time="0.0"></testcase>

      <testcase classname="test.nz.org.take.script.ParserTests" name="testRules2" time="0.0"></testcase>

      <testcase classname="test.nz.org.take.script.ParserTests" name="testRules3" time="0.0"></testcase>

      <testcase classname="test.nz.org.take.script.ParserTests" name="testFacts1" time="0.0"></testcase>

      <testcase classname="test.nz.org.take.script.ParserTests" name="testStringLiterals1" time="0.0"></testcase>

      <testcase classname="test.nz.org.take.script.ParserTests" name="testIntLiterals1" time="0.0"></testcase>

      <testcase classname="test.nz.org.take.script.ParserTests" name="testDoubleLiterals1" time="0.0"></testcase>

      <testcase classname="test.nz.org.take.script.ParserTests" name="testComplexTerms1" time="0.0"></testcase>

      <testcase classname="test.nz.org.take.script.ParserTests" name="testPropertyTerms1" time="0.0"></testcase>

      <testcase classname="test.nz.org.take.script.ParserTests" name="testQueryIOSignature1" time="0.0"></testcase>

      <testcase classname="test.nz.org.take.script.ParserTests" name="testIntegration1" time="0.0"></testcase>

      <testcase classname="test.nz.org.take.script.ParserTests" name="testAnnotations1" time="0.0"></testcase>

      <testcase classname="test.nz.org.take.script.ParserTests" name="testLineNumbers1" time="0.0"></testcase>

      <testcase classname="test.nz.org.take.script.ParserTests" name="testNegation1" time="0.0"></testcase>

      <testcase classname="test.nz.org.take.script.ParserTests" name="testNegation2" time="0.0"></testcase>

      <testcase classname="test.nz.org.take.script.ParserTests" name="testNegation3" time="0.0"></testcase>

      <testcase classname="test.nz.org.take.script.ParserTests" name="testComparison1" time="0.0"></testcase>

      <testcase classname="test.nz.org.take.script.ParserTests" name="testComparison2" time="0.0"></testcase>

      <testcase classname="test.nz.org.take.script.ParserTests" name="testComparison3" time="0.0"></testcase>

      <testcase classname="test.nz.org.take.script.ParserTests" name="testComparison4" time="0.0"></testcase>

      <system-out><![CDATA[]]></system-out>

      <system-err><![CDATA[]]></system-err>

  </testsuite>
</testsuites>
