<?xml version="1.0" encoding="UTF-8" ?>
<testsuite errors="0" failures="0" name="test.nz.org.take.compiler.scenario6.Tests" tests="5" time="3.593">
  <properties>
[...]
</properties>
  <testcase classname="test.nz.org.take.compiler.scenario6.Tests" name="test1" time="1.781"></testcase>
  <testcase classname="test.nz.org.take.compiler.scenario6.Tests" name="test2" time="0.5"></testcase>
  <testcase classname="test.nz.org.take.compiler.scenario6.Tests" name="test3" time="0.375"></testcase>
  <testcase classname="test.nz.org.take.compiler.scenario6.Tests" name="test4" time="0.563"></testcase>
  <testcase classname="test.nz.org.take.compiler.scenario6.Tests" name="test5" time="0.343"></testcase>
  <system-out><![CDATA[0 [main] DEBUG nz.org.take.script.ScriptKnowledgeSource  - Interpreting predicate symbol is_father_of[in line 22] as simple predicate
16 [main] DEBUG nz.org.take.script.ScriptKnowledgeSource  - Interpreting predicate symbol is_father_of[in line 22] as simple predicate
16 [main] DEBUG nz.org.take.script.ScriptKnowledgeSource  - Interpreting predicate symbol is_grandfather_of[in line 22] as simple predicate
16 [main] DEBUG nz.org.take.script.ScriptKnowledgeSource  - Interpreting predicate symbol is_father_of[in line 23] as simple predicate
16 [main] DEBUG nz.org.take.script.ScriptKnowledgeSource  - Interpreting predicate symbol is_father_of[in line 24] as simple predicate
16 [main] DEBUG nz.org.take.script.ScriptKnowledgeSource  - Interpreting predicate symbol is_father_of[in line 25] as simple predicate
16 [main] DEBUG nz.org.take.script.ScriptKnowledgeSource  - Interpreting predicate symbol is_father_of[in line 26] as simple predicate
16 [main] DEBUG nz.org.take.script.ScriptKnowledgeSource  - Interpreting predicate symbol is_father_of[in line 27] as simple predicate
16 [main] DEBUG nz.org.take.script.ScriptKnowledgeSource  - Interpreting predicate symbol is_father_of[in line 28] as simple predicate
16 [main] DEBUG nz.org.take.script.ScriptKnowledgeSource  - Interpreting predicate symbol is_father_of[in line 29] as simple predicate
16 [main] DEBUG nz.org.take.script.ScriptKnowledgeSource  - Interpreting predicate symbol is_father_of[in line 30] as simple predicate
94 [main] DEBUG nz.org.take.compiler.reference.CompilerPlugin4PropertyPredicates  - SimpleLog4JLogSystem using category 'nz.org.take.compiler.reference.CompilerPlugin4PropertyPredicates'
94 [main] DEBUG nz.org.take.compiler.reference.CompilerPlugin4PropertyPredicates  - *******************************************************************
94 [main] DEBUG nz.org.take.compiler.reference.CompilerPlugin4PropertyPredicates  - Starting Apache Velocity v1.5 (compiled: 2007-02-22 08:52:29)
94 [main] DEBUG nz.org.take.compiler.reference.CompilerPlugin4PropertyPredicates  - RuntimeInstance initializing.
94 [main] DEBUG nz.org.take.compiler.reference.CompilerPlugin4PropertyPredicates  - Default Properties File: org\apache\velocity\runtime\defaults\velocity.properties
94 [main] DEBUG nz.org.take.compiler.reference.CompilerPlugin4PropertyPredicates  - Trying to use logger class org.apache.velocity.runtime.log.SimpleLog4JLogSystem
94 [main] INFO nz.org.take.compiler.reference.CompilerPlugin4PropertyPredicates  - LogSystem has been deprecated. Please use a LogChute implementation.
94 [main] DEBUG nz.org.take.compiler.reference.CompilerPlugin4PropertyPredicates  - Default ResourceManager initializing. (class org.apache.velocity.runtime.resource.ResourceManagerImpl)
94 [main] DEBUG nz.org.take.compiler.reference.CompilerPlugin4PropertyPredicates  - ResourceLoader instantiated: org.apache.velocity.runtime.resource.loader.ClasspathResourceLoader
94 [main] DEBUG nz.org.take.compiler.reference.CompilerPlugin4PropertyPredicates  - ClasspathResourceLoader : initialization complete.
125 [main] DEBUG nz.org.take.compiler.reference.CompilerPlugin4PropertyPredicates  - ResourceCache: initialized (class org.apache.velocity.runtime.resource.ResourceCacheImpl)
125 [main] DEBUG nz.org.take.compiler.reference.CompilerPlugin4PropertyPredicates  - Default ResourceManager initialization complete.
125 [main] DEBUG nz.org.take.compiler.reference.CompilerPlugin4PropertyPredicates  - Loaded System Directive: org.apache.velocity.runtime.directive.Literal
125 [main] DEBUG nz.org.take.compiler.reference.CompilerPlugin4PropertyPredicates  - Loaded System Directive: org.apache.velocity.runtime.directive.Macro
125 [main] DEBUG nz.org.take.compiler.reference.CompilerPlugin4PropertyPredicates  - Loaded System Directive: org.apache.velocity.runtime.directive.Parse
125 [main] DEBUG nz.org.take.compiler.reference.CompilerPlugin4PropertyPredicates  - Loaded System Directive: org.apache.velocity.runtime.directive.Include
125 [main] DEBUG nz.org.take.compiler.reference.CompilerPlugin4PropertyPredicates  - Loaded System Directive: org.apache.velocity.runtime.directive.Foreach
172 [main] DEBUG nz.org.take.compiler.reference.CompilerPlugin4PropertyPredicates  - Created '20' parsers.
188 [main] DEBUG nz.org.take.compiler.reference.CompilerPlugin4PropertyPredicates  - Velocimacro : initialization starting.
188 [main] DEBUG nz.org.take.compiler.reference.CompilerPlugin4PropertyPredicates  - Velocimacro : "velocimacro.library" is not set.  Trying default library: VM_global_library.vm
188 [main] DEBUG nz.org.take.compiler.reference.CompilerPlugin4PropertyPredicates  - Velocimacro : Default library not found.
188 [main] DEBUG nz.org.take.compiler.reference.CompilerPlugin4PropertyPredicates  - Velocimacro : allowInline = true : VMs can be defined inline in templates
188 [main] DEBUG nz.org.take.compiler.reference.CompilerPlugin4PropertyPredicates  - Velocimacro : allowInlineToOverride = false : VMs defined inline may NOT replace previous VM definitions
188 [main] DEBUG nz.org.take.compiler.reference.CompilerPlugin4PropertyPredicates  - Velocimacro : allowInlineLocal = false : VMs defined inline will be global in scope if allowed.
188 [main] DEBUG nz.org.take.compiler.reference.CompilerPlugin4PropertyPredicates  - Velocimacro : autoload off : VM system will not automatically reload global library macros
188 [main] DEBUG nz.org.take.compiler.reference.CompilerPlugin4PropertyPredicates  - Velocimacro : Velocimacro : initialization complete.
188 [main] DEBUG nz.org.take.compiler.reference.CompilerPlugin4PropertyPredicates  - RuntimeInstance successfully initialized.
203 [main] DEBUG nz.org.take.compiler.reference.CompilerPlugin4PropertyPredicates  - SimpleLog4JLogSystem using category 'nz.org.take.compiler.reference.CompilerPlugin4PropertyPredicates'
203 [main] DEBUG nz.org.take.compiler.reference.CompilerPlugin4PropertyPredicates  - *******************************************************************
203 [main] DEBUG nz.org.take.compiler.reference.CompilerPlugin4PropertyPredicates  - Starting Apache Velocity v1.5 (compiled: 2007-02-22 08:52:29)
203 [main] DEBUG nz.org.take.compiler.reference.CompilerPlugin4PropertyPredicates  - RuntimeInstance initializing.
203 [main] DEBUG nz.org.take.compiler.reference.CompilerPlugin4PropertyPredicates  - Default Properties File: org\apache\velocity\runtime\defaults\velocity.properties
203 [main] DEBUG nz.org.take.compiler.reference.CompilerPlugin4PropertyPredicates  - Trying to use logger class org.apache.velocity.runtime.log.SimpleLog4JLogSystem
203 [main] INFO nz.org.take.compiler.reference.CompilerPlugin4PropertyPredicates  - LogSystem has been deprecated. Please use a LogChute implementation.
203 [main] DEBUG nz.org.take.compiler.reference.CompilerPlugin4PropertyPredicates  - Default ResourceManager initializing. (class org.apache.velocity.runtime.resource.ResourceManagerImpl)
203 [main] DEBUG nz.org.take.compiler.reference.CompilerPlugin4PropertyPredicates  - ResourceLoader instantiated: org.apache.velocity.runtime.resource.loader.ClasspathResourceLoader
203 [main] DEBUG nz.org.take.compiler.reference.CompilerPlugin4PropertyPredicates  - ClasspathResourceLoader : initialization complete.
203 [main] DEBUG nz.org.take.compiler.reference.CompilerPlugin4PropertyPredicates  - ResourceCache: initialized (class org.apache.velocity.runtime.resource.ResourceCacheImpl)
203 [main] DEBUG nz.org.take.compiler.reference.CompilerPlugin4PropertyPredicates  - Default ResourceManager initialization complete.
203 [main] DEBUG nz.org.take.compiler.reference.CompilerPlugin4PropertyPredicates  - Loaded System Directive: org.apache.velocity.runtime.directive.Literal
203 [main] DEBUG nz.org.take.compiler.reference.CompilerPlugin4PropertyPredicates  - Loaded System Directive: org.apache.velocity.runtime.directive.Macro
203 [main] DEBUG nz.org.take.compiler.reference.CompilerPlugin4PropertyPredicates  - Loaded System Directive: org.apache.velocity.runtime.directive.Parse
203 [main] DEBUG nz.org.take.compiler.reference.CompilerPlugin4PropertyPredicates  - Loaded System Directive: org.apache.velocity.runtime.directive.Include
203 [main] DEBUG nz.org.take.compiler.reference.CompilerPlugin4PropertyPredicates  - Loaded System Directive: org.apache.velocity.runtime.directive.Foreach
203 [main] DEBUG nz.org.take.compiler.reference.CompilerPlugin4PropertyPredicates  - Created '20' parsers.
203 [main] DEBUG nz.org.take.compiler.reference.CompilerPlugin4PropertyPredicates  - Velocimacro : initialization starting.
203 [main] DEBUG nz.org.take.compiler.reference.CompilerPlugin4PropertyPredicates  - Velocimacro : "velocimacro.library" is not set.  Trying default library: VM_global_library.vm
203 [main] DEBUG nz.org.take.compiler.reference.CompilerPlugin4PropertyPredicates  - Velocimacro : Default library not found.
203 [main] DEBUG nz.org.take.compiler.reference.CompilerPlugin4PropertyPredicates  - Velocimacro : allowInline = true : VMs can be defined inline in templates
203 [main] DEBUG nz.org.take.compiler.reference.CompilerPlugin4PropertyPredicates  - Velocimacro : allowInlineToOverride = false : VMs defined inline may NOT replace previous VM definitions
203 [main] DEBUG nz.org.take.compiler.reference.CompilerPlugin4PropertyPredicates  - Velocimacro : allowInlineLocal = false : VMs defined inline will be global in scope if allowed.
203 [main] DEBUG nz.org.take.compiler.reference.CompilerPlugin4PropertyPredicates  - Velocimacro : autoload off : VM system will not automatically reload global library macros
203 [main] DEBUG nz.org.take.compiler.reference.CompilerPlugin4PropertyPredicates  - Velocimacro : Velocimacro : initialization complete.
203 [main] DEBUG nz.org.take.compiler.reference.CompilerPlugin4PropertyPredicates  - RuntimeInstance successfully initialized.
234 [main] DEBUG nz.org.take.compiler.reference.CompilerPlugin4PropertyPredicates  - SimpleLog4JLogSystem using category 'nz.org.take.compiler.reference.CompilerPlugin4PropertyPredicates'
234 [main] DEBUG nz.org.take.compiler.reference.CompilerPlugin4PropertyPredicates  - *******************************************************************
234 [main] DEBUG nz.org.take.compiler.reference.CompilerPlugin4PropertyPredicates  - Starting Apache Velocity v1.5 (compiled: 2007-02-22 08:52:29)
234 [main] DEBUG nz.org.take.compiler.reference.CompilerPlugin4PropertyPredicates  - RuntimeInstance initializing.
234 [main] DEBUG nz.org.take.compiler.reference.CompilerPlugin4PropertyPredicates  - Default Properties File: org\apache\velocity\runtime\defaults\velocity.properties
234 [main] DEBUG nz.org.take.compiler.reference.CompilerPlugin4PropertyPredicates  - Trying to use logger class org.apache.velocity.runtime.log.SimpleLog4JLogSystem
234 [main] INFO nz.org.take.compiler.reference.CompilerPlugin4PropertyPredicates  - LogSystem has been deprecated. Please use a LogChute implementation.
234 [main] DEBUG nz.org.take.compiler.reference.CompilerPlugin4PropertyPredicates  - Default ResourceManager initializing. (class org.apache.velocity.runtime.resource.ResourceManagerImpl)
234 [main] DEBUG nz.org.take.compiler.reference.CompilerPlugin4PropertyPredicates  - ResourceLoader instantiated: org.apache.velocity.runtime.resource.loader.ClasspathResourceLoader
234 [main] DEBUG nz.org.take.compiler.reference.CompilerPlugin4PropertyPredicates  - ClasspathResourceLoader : initialization complete.
234 [main] DEBUG nz.org.take.compiler.reference.CompilerPlugin4PropertyPredicates  - ResourceCache: initialized (class org.apache.velocity.runtime.resource.ResourceCacheImpl)
234 [main] DEBUG nz.org.take.compiler.reference.CompilerPlugin4PropertyPredicates  - Default ResourceManager initialization complete.
234 [main] DEBUG nz.org.take.compiler.reference.CompilerPlugin4PropertyPredicates  - Loaded System Directive: org.apache.velocity.runtime.directive.Literal
234 [main] DEBUG nz.org.take.compiler.reference.CompilerPlugin4PropertyPredicates  - Loaded System Directive: org.apache.velocity.runtime.directive.Macro
234 [main] DEBUG nz.org.take.compiler.reference.CompilerPlugin4PropertyPredicates  - Loaded System Directive: org.apache.velocity.runtime.directive.Parse
234 [main] DEBUG nz.org.take.compiler.reference.CompilerPlugin4PropertyPredicates  - Loaded System Directive: org.apache.velocity.runtime.directive.Include
234 [main] DEBUG nz.org.take.compiler.reference.CompilerPlugin4PropertyPredicates  - Loaded System Directive: org.apache.velocity.runtime.directive.Foreach
250 [main] DEBUG nz.org.take.compiler.reference.CompilerPlugin4PropertyPredicates  - Created '20' parsers.
250 [main] DEBUG nz.org.take.compiler.reference.CompilerPlugin4PropertyPredicates  - Velocimacro : initialization starting.
250 [main] DEBUG nz.org.take.compiler.reference.CompilerPlugin4PropertyPredicates  - Velocimacro : "velocimacro.library" is not set.  Trying default library: VM_global_library.vm
250 [main] DEBUG nz.org.take.compiler.reference.CompilerPlugin4PropertyPredicates  - Velocimacro : Default library not found.
250 [main] DEBUG nz.org.take.compiler.reference.CompilerPlugin4PropertyPredicates  - Velocimacro : allowInline = true : VMs can be defined inline in templates
250 [main] DEBUG nz.org.take.compiler.reference.CompilerPlugin4PropertyPredicates  - Velocimacro : allowInlineToOverride = false : VMs defined inline may NOT replace previous VM definitions
250 [main] DEBUG nz.org.take.compiler.reference.CompilerPlugin4PropertyPredicates  - Velocimacro : allowInlineLocal = false : VMs defined inline will be global in scope if allowed.
250 [main] DEBUG nz.org.take.compiler.reference.CompilerPlugin4PropertyPredicates  - Velocimacro : autoload off : VM system will not automatically reload global library macros
250 [main] DEBUG nz.org.take.compiler.reference.CompilerPlugin4PropertyPredicates  - Velocimacro : Velocimacro : initialization complete.
250 [main] DEBUG nz.org.take.compiler.reference.CompilerPlugin4PropertyPredicates  - RuntimeInstance successfully initialized.
250 [main] DEBUG nz.org.take.compiler.reference.DefaultCompiler  - Adding query to agenda: /is_father_of[in,out]
250 [main] DEBUG nz.org.take.compiler.reference.DefaultCompiler  - Adding query to agenda: /is_father_of[out,in]
250 [main] DEBUG nz.org.take.compiler.reference.DefaultCompiler  - Adding query to agenda: /is_grandfather_of[in,out]
250 [main] DEBUG nz.org.take.compiler.reference.DefaultCompiler  - Adding query to agenda: /is_grandfather_of[out,in]
281 [main] INFO nz.org.take.compiler.reference.DefaultCompiler  - Method created: test.nz.org.take.compiler.scenario6.generated.impl_v070614_112301.KBImpl#getFather
297 [main] INFO nz.org.take.compiler.reference.DefaultCompiler  - Method created: test.nz.org.take.compiler.scenario6.generated.impl_v070614_112301.KBImpl#getSons
297 [main] INFO nz.org.take.compiler.reference.DefaultCompiler  - Method created: test.nz.org.take.compiler.scenario6.generated.impl_v070614_112301.KBImpl#getGrandfather
297 [main] DEBUG nz.org.take.compiler.reference.DefaultCompiler  - Adding query to agenda: /is_father_of[out,out]
297 [main] DEBUG nz.org.take.compiler.reference.DefaultCompiler  - Adding query to agenda: /is_father_of[in,in]
297 [main] INFO nz.org.take.compiler.reference.DefaultCompiler  - Method created: test.nz.org.take.compiler.scenario6.generated.impl_v070614_112301.KBImpl#getGrandchildren
297 [main] INFO nz.org.take.compiler.reference.DefaultCompiler  - Method created: test.nz.org.take.compiler.scenario6.generated.impl_v070614_112301.KBImpl#is_father_of_00
313 [main] INFO nz.org.take.compiler.reference.DefaultCompiler  - Method created: test.nz.org.take.compiler.scenario6.generated.impl_v070614_112301.KBImpl#is_father_of_11
313 [main] INFO nz.org.take.compiler.reference.DefaultCompiler  - Class created: test.nz.org.take.compiler.scenario6.generated.impl_v070614_112301.KBImpl
1703 [main] DEBUG nz.org.take.script.ScriptKnowledgeSource  - Interpreting predicate symbol is_father_of[in line 22] as simple predicate
1703 [main] DEBUG nz.org.take.script.ScriptKnowledgeSource  - Interpreting predicate symbol is_father_of[in line 22] as simple predicate
1703 [main] DEBUG nz.org.take.script.ScriptKnowledgeSource  - Interpreting predicate symbol is_grandfather_of[in line 22] as simple predicate
1703 [main] DEBUG nz.org.take.script.ScriptKnowledgeSource  - Interpreting predicate symbol is_father_of[in line 23] as simple predicate
1703 [main] DEBUG nz.org.take.script.ScriptKnowledgeSource  - Interpreting predicate symbol is_father_of[in line 24] as simple predicate
1703 [main] DEBUG nz.org.take.script.ScriptKnowledgeSource  - Interpreting predicate symbol is_father_of[in line 25] as simple predicate
1703 [main] DEBUG nz.org.take.script.ScriptKnowledgeSource  - Interpreting predicate symbol is_father_of[in line 26] as simple predicate
1703 [main] DEBUG nz.org.take.script.ScriptKnowledgeSource  - Interpreting predicate symbol is_father_of[in line 27] as simple predicate
1703 [main] DEBUG nz.org.take.script.ScriptKnowledgeSource  - Interpreting predicate symbol is_father_of[in line 28] as simple predicate
1703 [main] DEBUG nz.org.take.script.ScriptKnowledgeSource  - Interpreting predicate symbol is_father_of[in line 29] as simple predicate
1703 [main] DEBUG nz.org.take.script.ScriptKnowledgeSource  - Interpreting predicate symbol is_father_of[in line 30] as simple predicate
1703 [main] DEBUG nz.org.take.compiler.reference.DefaultCompiler  - Adding query to agenda: /is_father_of[in,out]
1703 [main] DEBUG nz.org.take.compiler.reference.DefaultCompiler  - Adding query to agenda: /is_father_of[out,in]
1703 [main] DEBUG nz.org.take.compiler.reference.DefaultCompiler  - Adding query to agenda: /is_grandfather_of[in,out]
1703 [main] DEBUG nz.org.take.compiler.reference.DefaultCompiler  - Adding query to agenda: /is_grandfather_of[out,in]
1719 [main] INFO nz.org.take.compiler.reference.DefaultCompiler  - Method created: test.nz.org.take.compiler.scenario6.generated.impl_v070614_112303.KBImpl#getFather
1719 [main] INFO nz.org.take.compiler.reference.DefaultCompiler  - Method created: test.nz.org.take.compiler.scenario6.generated.impl_v070614_112303.KBImpl#getSons
1734 [main] INFO nz.org.take.compiler.reference.DefaultCompiler  - Method created: test.nz.org.take.compiler.scenario6.generated.impl_v070614_112303.KBImpl#getGrandfather
1734 [main] DEBUG nz.org.take.compiler.reference.DefaultCompiler  - Adding query to agenda: /is_father_of[out,out]
1734 [main] DEBUG nz.org.take.compiler.reference.DefaultCompiler  - Adding query to agenda: /is_father_of[in,in]
1734 [main] INFO nz.org.take.compiler.reference.DefaultCompiler  - Method created: test.nz.org.take.compiler.scenario6.generated.impl_v070614_112303.KBImpl#getGrandchildren
1734 [main] INFO nz.org.take.compiler.reference.DefaultCompiler  - Method created: test.nz.org.take.compiler.scenario6.generated.impl_v070614_112303.KBImpl#is_father_of_00
1734 [main] INFO nz.org.take.compiler.reference.DefaultCompiler  - Method created: test.nz.org.take.compiler.scenario6.generated.impl_v070614_112303.KBImpl#is_father_of_11
1734 [main] INFO nz.org.take.compiler.reference.DefaultCompiler  - Class created: test.nz.org.take.compiler.scenario6.generated.impl_v070614_112303.KBImpl
1. rule2
2. fact6
3. fact3
2203 [main] DEBUG nz.org.take.script.ScriptKnowledgeSource  - Interpreting predicate symbol is_father_of[in line 22] as simple predicate
2203 [main] DEBUG nz.org.take.script.ScriptKnowledgeSource  - Interpreting predicate symbol is_father_of[in line 22] as simple predicate
2203 [main] DEBUG nz.org.take.script.ScriptKnowledgeSource  - Interpreting predicate symbol is_grandfather_of[in line 22] as simple predicate
2203 [main] DEBUG nz.org.take.script.ScriptKnowledgeSource  - Interpreting predicate symbol is_father_of[in line 23] as simple predicate
2203 [main] DEBUG nz.org.take.script.ScriptKnowledgeSource  - Interpreting predicate symbol is_father_of[in line 24] as simple predicate
2203 [main] DEBUG nz.org.take.script.ScriptKnowledgeSource  - Interpreting predicate symbol is_father_of[in line 25] as simple predicate
2203 [main] DEBUG nz.org.take.script.ScriptKnowledgeSource  - Interpreting predicate symbol is_father_of[in line 26] as simple predicate
2203 [main] DEBUG nz.org.take.script.ScriptKnowledgeSource  - Interpreting predicate symbol is_father_of[in line 27] as simple predicate
2203 [main] DEBUG nz.org.take.script.ScriptKnowledgeSource  - Interpreting predicate symbol is_father_of[in line 28] as simple predicate
2203 [main] DEBUG nz.org.take.script.ScriptKnowledgeSource  - Interpreting predicate symbol is_father_of[in line 29] as simple predicate
2203 [main] DEBUG nz.org.take.script.ScriptKnowledgeSource  - Interpreting predicate symbol is_father_of[in line 30] as simple predicate
2203 [main] DEBUG nz.org.take.compiler.reference.DefaultCompiler  - Adding query to agenda: /is_father_of[in,out]
2203 [main] DEBUG nz.org.take.compiler.reference.DefaultCompiler  - Adding query to agenda: /is_father_of[out,in]
2203 [main] DEBUG nz.org.take.compiler.reference.DefaultCompiler  - Adding query to agenda: /is_grandfather_of[in,out]
2203 [main] DEBUG nz.org.take.compiler.reference.DefaultCompiler  - Adding query to agenda: /is_grandfather_of[out,in]
2219 [main] INFO nz.org.take.compiler.reference.DefaultCompiler  - Method created: test.nz.org.take.compiler.scenario6.generated.impl_v070614_112304.KBImpl#getFather
2219 [main] INFO nz.org.take.compiler.reference.DefaultCompiler  - Method created: test.nz.org.take.compiler.scenario6.generated.impl_v070614_112304.KBImpl#getSons
2219 [main] INFO nz.org.take.compiler.reference.DefaultCompiler  - Method created: test.nz.org.take.compiler.scenario6.generated.impl_v070614_112304.KBImpl#getGrandfather
2219 [main] DEBUG nz.org.take.compiler.reference.DefaultCompiler  - Adding query to agenda: /is_father_of[out,out]
2219 [main] DEBUG nz.org.take.compiler.reference.DefaultCompiler  - Adding query to agenda: /is_father_of[in,in]
2219 [main] INFO nz.org.take.compiler.reference.DefaultCompiler  - Method created: test.nz.org.take.compiler.scenario6.generated.impl_v070614_112304.KBImpl#getGrandchildren
2219 [main] INFO nz.org.take.compiler.reference.DefaultCompiler  - Method created: test.nz.org.take.compiler.scenario6.generated.impl_v070614_112304.KBImpl#is_father_of_00
2219 [main] INFO nz.org.take.compiler.reference.DefaultCompiler  - Method created: test.nz.org.take.compiler.scenario6.generated.impl_v070614_112304.KBImpl#is_father_of_11
2234 [main] INFO nz.org.take.compiler.reference.DefaultCompiler  - Class created: test.nz.org.take.compiler.scenario6.generated.impl_v070614_112304.KBImpl
2578 [main] DEBUG nz.org.take.script.ScriptKnowledgeSource  - Interpreting predicate symbol is_father_of[in line 22] as simple predicate
2578 [main] DEBUG nz.org.take.script.ScriptKnowledgeSource  - Interpreting predicate symbol is_father_of[in line 22] as simple predicate
2578 [main] DEBUG nz.org.take.script.ScriptKnowledgeSource  - Interpreting predicate symbol is_grandfather_of[in line 22] as simple predicate
2578 [main] DEBUG nz.org.take.script.ScriptKnowledgeSource  - Interpreting predicate symbol is_father_of[in line 23] as simple predicate
2578 [main] DEBUG nz.org.take.script.ScriptKnowledgeSource  - Interpreting predicate symbol is_father_of[in line 24] as simple predicate
2578 [main] DEBUG nz.org.take.script.ScriptKnowledgeSource  - Interpreting predicate symbol is_father_of[in line 25] as simple predicate
2578 [main] DEBUG nz.org.take.script.ScriptKnowledgeSource  - Interpreting predicate symbol is_father_of[in line 26] as simple predicate
2578 [main] DEBUG nz.org.take.script.ScriptKnowledgeSource  - Interpreting predicate symbol is_father_of[in line 27] as simple predicate
2578 [main] DEBUG nz.org.take.script.ScriptKnowledgeSource  - Interpreting predicate symbol is_father_of[in line 28] as simple predicate
2578 [main] DEBUG nz.org.take.script.ScriptKnowledgeSource  - Interpreting predicate symbol is_father_of[in line 29] as simple predicate
2578 [main] DEBUG nz.org.take.script.ScriptKnowledgeSource  - Interpreting predicate symbol is_father_of[in line 30] as simple predicate
2578 [main] DEBUG nz.org.take.compiler.reference.DefaultCompiler  - Adding query to agenda: /is_father_of[in,out]
2578 [main] DEBUG nz.org.take.compiler.reference.DefaultCompiler  - Adding query to agenda: /is_father_of[out,in]
2578 [main] DEBUG nz.org.take.compiler.reference.DefaultCompiler  - Adding query to agenda: /is_grandfather_of[in,out]
2578 [main] DEBUG nz.org.take.compiler.reference.DefaultCompiler  - Adding query to agenda: /is_grandfather_of[out,in]
2594 [main] INFO nz.org.take.compiler.reference.DefaultCompiler  - Method created: test.nz.org.take.compiler.scenario6.generated.impl_v070614_112304.KBImpl#getFather
2594 [main] INFO nz.org.take.compiler.reference.DefaultCompiler  - Method created: test.nz.org.take.compiler.scenario6.generated.impl_v070614_112304.KBImpl#getSons
2594 [main] INFO nz.org.take.compiler.reference.DefaultCompiler  - Method created: test.nz.org.take.compiler.scenario6.generated.impl_v070614_112304.KBImpl#getGrandfather
2594 [main] DEBUG nz.org.take.compiler.reference.DefaultCompiler  - Adding query to agenda: /is_father_of[out,out]
2594 [main] DEBUG nz.org.take.compiler.reference.DefaultCompiler  - Adding query to agenda: /is_father_of[in,in]
2594 [main] INFO nz.org.take.compiler.reference.DefaultCompiler  - Method created: test.nz.org.take.compiler.scenario6.generated.impl_v070614_112304.KBImpl#getGrandchildren
2594 [main] INFO nz.org.take.compiler.reference.DefaultCompiler  - Method created: test.nz.org.take.compiler.scenario6.generated.impl_v070614_112304.KBImpl#is_father_of_00
2594 [main] INFO nz.org.take.compiler.reference.DefaultCompiler  - Method created: test.nz.org.take.compiler.scenario6.generated.impl_v070614_112304.KBImpl#is_father_of_11
2594 [main] INFO nz.org.take.compiler.reference.DefaultCompiler  - Class created: test.nz.org.take.compiler.scenario6.generated.impl_v070614_112304.KBImpl
3156 [main] DEBUG nz.org.take.script.ScriptKnowledgeSource  - Interpreting predicate symbol is_father_of[in line 22] as simple predicate
3156 [main] DEBUG nz.org.take.script.ScriptKnowledgeSource  - Interpreting predicate symbol is_father_of[in line 22] as simple predicate
3156 [main] DEBUG nz.org.take.script.ScriptKnowledgeSource  - Interpreting predicate symbol is_grandfather_of[in line 22] as simple predicate
3156 [main] DEBUG nz.org.take.script.ScriptKnowledgeSource  - Interpreting predicate symbol is_father_of[in line 23] as simple predicate
3156 [main] DEBUG nz.org.take.script.ScriptKnowledgeSource  - Interpreting predicate symbol is_father_of[in line 24] as simple predicate
3156 [main] DEBUG nz.org.take.script.ScriptKnowledgeSource  - Interpreting predicate symbol is_father_of[in line 25] as simple predicate
3156 [main] DEBUG nz.org.take.script.ScriptKnowledgeSource  - Interpreting predicate symbol is_father_of[in line 26] as simple predicate
3156 [main] DEBUG nz.org.take.script.ScriptKnowledgeSource  - Interpreting predicate symbol is_father_of[in line 27] as simple predicate
3156 [main] DEBUG nz.org.take.script.ScriptKnowledgeSource  - Interpreting predicate symbol is_father_of[in line 28] as simple predicate
3156 [main] DEBUG nz.org.take.script.ScriptKnowledgeSource  - Interpreting predicate symbol is_father_of[in line 29] as simple predicate
3156 [main] DEBUG nz.org.take.script.ScriptKnowledgeSource  - Interpreting predicate symbol is_father_of[in line 30] as simple predicate
3156 [main] DEBUG nz.org.take.compiler.reference.DefaultCompiler  - Adding query to agenda: /is_father_of[in,out]
3156 [main] DEBUG nz.org.take.compiler.reference.DefaultCompiler  - Adding query to agenda: /is_father_of[out,in]
3156 [main] DEBUG nz.org.take.compiler.reference.DefaultCompiler  - Adding query to agenda: /is_grandfather_of[in,out]
3156 [main] DEBUG nz.org.take.compiler.reference.DefaultCompiler  - Adding query to agenda: /is_grandfather_of[out,in]
3156 [main] INFO nz.org.take.compiler.reference.DefaultCompiler  - Method created: test.nz.org.take.compiler.scenario6.generated.impl_v070614_112305.KBImpl#getFather
3172 [main] INFO nz.org.take.compiler.reference.DefaultCompiler  - Method created: test.nz.org.take.compiler.scenario6.generated.impl_v070614_112305.KBImpl#getSons
3172 [main] INFO nz.org.take.compiler.reference.DefaultCompiler  - Method created: test.nz.org.take.compiler.scenario6.generated.impl_v070614_112305.KBImpl#getGrandfather
3172 [main] DEBUG nz.org.take.compiler.reference.DefaultCompiler  - Adding query to agenda: /is_father_of[out,out]
3172 [main] DEBUG nz.org.take.compiler.reference.DefaultCompiler  - Adding query to agenda: /is_father_of[in,in]
3172 [main] INFO nz.org.take.compiler.reference.DefaultCompiler  - Method created: test.nz.org.take.compiler.scenario6.generated.impl_v070614_112305.KBImpl#getGrandchildren
3172 [main] INFO nz.org.take.compiler.reference.DefaultCompiler  - Method created: test.nz.org.take.compiler.scenario6.generated.impl_v070614_112305.KBImpl#is_father_of_00
3172 [main] INFO nz.org.take.compiler.reference.DefaultCompiler  - Method created: test.nz.org.take.compiler.scenario6.generated.impl_v070614_112305.KBImpl#is_father_of_11
3172 [main] INFO nz.org.take.compiler.reference.DefaultCompiler  - Class created: test.nz.org.take.compiler.scenario6.generated.impl_v070614_112305.KBImpl
test.nz.org.take.compiler.scenario6.Person@40fb991
test.nz.org.take.compiler.scenario6.Person@232c7f
test.nz.org.take.compiler.scenario6.Person@26c028
]]></system-out>
  <system-err><![CDATA[]]></system-err>
</testsuite>
