<?xml version="1.0" encoding="UTF-8" ?>
<testsuite errors="0" failures="0" name="test.nz.org.take.script.ParserTests" tests="28" time="0.094">
  <properties>
[...]
</properties>
  <testcase classname="test.nz.org.take.script.ParserTests" name="testVariables1" time="0.016"></testcase>
  <testcase classname="test.nz.org.take.script.ParserTests" name="testVariables2" time="0.0"></testcase>
  <testcase classname="test.nz.org.take.script.ParserTests" name="testVariables3" time="0.0"></testcase>
  <testcase classname="test.nz.org.take.script.ParserTests" name="testVariables4" time="0.0"></testcase>
  <testcase classname="test.nz.org.take.script.ParserTests" name="testFactStore1" time="0.0"></testcase>
  <testcase classname="test.nz.org.take.script.ParserTests" name="testFactStore2" time="0.0"></testcase>
  <testcase classname="test.nz.org.take.script.ParserTests" name="testObjectRefs1" time="0.0"></testcase>
  <testcase classname="test.nz.org.take.script.ParserTests" name="testObjectRefs2" time="0.016"></testcase>
  <testcase classname="test.nz.org.take.script.ParserTests" name="testRules1" time="0.0"></testcase>
  <testcase classname="test.nz.org.take.script.ParserTests" name="testRules2" time="0.0"></testcase>
  <testcase classname="test.nz.org.take.script.ParserTests" name="testRules3" time="0.0"></testcase>
  <testcase classname="test.nz.org.take.script.ParserTests" name="testFacts1" time="0.0"></testcase>
  <testcase classname="test.nz.org.take.script.ParserTests" name="testStringLiterals1" time="0.0"></testcase>
  <testcase classname="test.nz.org.take.script.ParserTests" name="testIntLiterals1" time="0.0"></testcase>
  <testcase classname="test.nz.org.take.script.ParserTests" name="testDoubleLiterals1" time="0.0"></testcase>
  <testcase classname="test.nz.org.take.script.ParserTests" name="testComplexTerms1" time="0.015"></testcase>
  <testcase classname="test.nz.org.take.script.ParserTests" name="testPropertyTerms1" time="0.0"></testcase>
  <testcase classname="test.nz.org.take.script.ParserTests" name="testQueryIOSignature1" time="0.0"></testcase>
  <testcase classname="test.nz.org.take.script.ParserTests" name="testIntegration1" time="0.0"></testcase>
  <testcase classname="test.nz.org.take.script.ParserTests" name="testAnnotations1" time="0.0"></testcase>
  <testcase classname="test.nz.org.take.script.ParserTests" name="testLineNumbers1" time="0.0"></testcase>
  <testcase classname="test.nz.org.take.script.ParserTests" name="testNegation1" time="0.0"></testcase>
  <testcase classname="test.nz.org.take.script.ParserTests" name="testNegation2" time="0.0"></testcase>
  <testcase classname="test.nz.org.take.script.ParserTests" name="testNegation3" time="0.0"></testcase>
  <testcase classname="test.nz.org.take.script.ParserTests" name="testComparison1" time="0.016"></testcase>
  <testcase classname="test.nz.org.take.script.ParserTests" name="testComparison2" time="0.0"></testcase>
  <testcase classname="test.nz.org.take.script.ParserTests" name="testComparison3" time="0.0"></testcase>
  <testcase classname="test.nz.org.take.script.ParserTests" name="testComparison4" time="0.0"></testcase>
  <system-out><![CDATA[]]></system-out>
  <system-err><![CDATA[]]></system-err>
</testsuite>
