<?xml version="1.0" encoding="UTF-8" ?>
<testsuites>
  <testsuite errors="0" failures="0" id="0" name="Tests" package="test.nz.org.take.compiler.scenario1" tests="5" time="3.422">
  
    <properties>
[...]
</properties>

      <testcase classname="test.nz.org.take.compiler.scenario1.Tests" name="test1" time="1.796"></testcase>

      <testcase classname="test.nz.org.take.compiler.scenario1.Tests" name="test2" time="0.5"></testcase>

      <testcase classname="test.nz.org.take.compiler.scenario1.Tests" name="test3" time="0.407"></testcase>

      <testcase classname="test.nz.org.take.compiler.scenario1.Tests" name="test4" time="0.328"></testcase>

      <testcase classname="test.nz.org.take.compiler.scenario1.Tests" name="test5" time="0.344"></testcase>

      <system-out><![CDATA[1. rule2
2. fact6
3. fact3
Frank
Jens
Ralf
]]></system-out>

      <system-err><![CDATA[log4j:WARN No appenders could be found for logger (nz.org.take.script.ScriptKnowledgeSource).
log4j:WARN Please initialize the log4j system properly.
]]></system-err>

  </testsuite>
  <testsuite errors="0" failures="0" id="1" name="Tests" package="test.nz.org.take.compiler.scenario2" tests="5" time="3.297">
  
    <properties>
[...]
</properties>

      <testcase classname="test.nz.org.take.compiler.scenario2.Tests" name="test1" time="1.719"></testcase>

      <testcase classname="test.nz.org.take.compiler.scenario2.Tests" name="test2" time="0.453"></testcase>

      <testcase classname="test.nz.org.take.compiler.scenario2.Tests" name="test3" time="0.391"></testcase>

      <testcase classname="test.nz.org.take.compiler.scenario2.Tests" name="test4" time="0.359"></testcase>

      <testcase classname="test.nz.org.take.compiler.scenario2.Tests" name="test5" time="0.344"></testcase>

      <system-out><![CDATA[// script for test scenario 1
@@dc:date=30/02/2007
@@dc:creator=author jens dietrich
var java.lang.String descendant,ancestor,x
@take.compilerhint.slots=person1,person2
@take.compilerhint.method=isAncestor
@take.compilerhint.class=AncestorRelationship
query isAncestor[in,in]
rule1: if isFather[descendant,ancestor] then isAncestor[descendant,ancestor]
rule2: if isAncestor[x,ancestor] and isFather[descendant,x] then isAncestor[descendant,ancestor]
fact1: isFather["r0","r"]
fact2: isFather["r1","r"]
fact3: isFather["r00","r0"]
fact4: isFather["r01","r0"]
fact5: isFather["r10","r1"]
fact6: isFather["r11","r1"]
fact7: isFather["r000","r00"]
fact8: isFather["r001","r00"]
fact9: isFather["r010","r01"]
fact10: isFather["r011","r01"]
fact11: isFather["r100","r10"]
fact12: isFather["r101","r10"]
fact13: isFather["r110","r11"]
fact14: isFather["r111","r11"]
starting test case 1
1. rule1
2. fact1
// script for test scenario 1
@@dc:date=30/02/2007
@@dc:creator=author jens dietrich
var java.lang.String descendant,ancestor,x
@take.compilerhint.slots=person1,person2
@take.compilerhint.method=isAncestor
@take.compilerhint.class=AncestorRelationship
query isAncestor[in,in]
rule1: if isFather[descendant,ancestor] then isAncestor[descendant,ancestor]
rule2: if isAncestor[x,ancestor] and isFather[descendant,x] then isAncestor[descendant,ancestor]
fact1: isFather["r0","r"]
fact2: isFather["r1","r"]
fact3: isFather["r00","r0"]
fact4: isFather["r01","r0"]
fact5: isFather["r10","r1"]
fact6: isFather["r11","r1"]
fact7: isFather["r000","r00"]
fact8: isFather["r001","r00"]
fact9: isFather["r010","r01"]
fact10: isFather["r011","r01"]
fact11: isFather["r100","r10"]
fact12: isFather["r101","r10"]
fact13: isFather["r110","r11"]
fact14: isFather["r111","r11"]
starting test case 2
1. rule1
2. fact2
// script for test scenario 1
@@dc:date=30/02/2007
@@dc:creator=author jens dietrich
var java.lang.String descendant,ancestor,x
@take.compilerhint.slots=person1,person2
@take.compilerhint.method=isAncestor
@take.compilerhint.class=AncestorRelationship
query isAncestor[in,in]
rule1: if isFather[descendant,ancestor] then isAncestor[descendant,ancestor]
rule2: if isAncestor[x,ancestor] and isFather[descendant,x] then isAncestor[descendant,ancestor]
fact1: isFather["r0","r"]
fact2: isFather["r1","r"]
fact3: isFather["r00","r0"]
fact4: isFather["r01","r0"]
fact5: isFather["r10","r1"]
fact6: isFather["r11","r1"]
fact7: isFather["r000","r00"]
fact8: isFather["r001","r00"]
fact9: isFather["r010","r01"]
fact10: isFather["r011","r01"]
fact11: isFather["r100","r10"]
fact12: isFather["r101","r10"]
fact13: isFather["r110","r11"]
fact14: isFather["r111","r11"]
starting test case 3
1. rule2
2. rule1
3. fact1
4. fact3
// script for test scenario 1
@@dc:date=30/02/2007
@@dc:creator=author jens dietrich
var java.lang.String descendant,ancestor,x
@take.compilerhint.slots=person1,person2
@take.compilerhint.method=isAncestor
@take.compilerhint.class=AncestorRelationship
query isAncestor[in,in]
rule1: if isFather[descendant,ancestor] then isAncestor[descendant,ancestor]
rule2: if isAncestor[x,ancestor] and isFather[descendant,x] then isAncestor[descendant,ancestor]
fact1: isFather["r0","r"]
fact2: isFather["r1","r"]
fact3: isFather["r00","r0"]
fact4: isFather["r01","r0"]
fact5: isFather["r10","r1"]
fact6: isFather["r11","r1"]
fact7: isFather["r000","r00"]
fact8: isFather["r001","r00"]
fact9: isFather["r010","r01"]
fact10: isFather["r011","r01"]
fact11: isFather["r100","r10"]
fact12: isFather["r101","r10"]
fact13: isFather["r110","r11"]
fact14: isFather["r111","r11"]
starting test case 4
1. rule2
2. rule1
3. fact2
4. fact6
// script for test scenario 1
@@dc:date=30/02/2007
@@dc:creator=author jens dietrich
var java.lang.String descendant,ancestor,x
@take.compilerhint.slots=person1,person2
@take.compilerhint.method=isAncestor
@take.compilerhint.class=AncestorRelationship
query isAncestor[in,in]
rule1: if isFather[descendant,ancestor] then isAncestor[descendant,ancestor]
rule2: if isAncestor[x,ancestor] and isFather[descendant,x] then isAncestor[descendant,ancestor]
fact1: isFather["r0","r"]
fact2: isFather["r1","r"]
fact3: isFather["r00","r0"]
fact4: isFather["r01","r0"]
fact5: isFather["r10","r1"]
fact6: isFather["r11","r1"]
fact7: isFather["r000","r00"]
fact8: isFather["r001","r00"]
fact9: isFather["r010","r01"]
fact10: isFather["r011","r01"]
fact11: isFather["r100","r10"]
fact12: isFather["r101","r10"]
fact13: isFather["r110","r11"]
fact14: isFather["r111","r11"]
starting test case 5
1. rule2
2. rule2
3. rule1
4. fact1
5. fact3
6. fact7
]]></system-out>

      <system-err><![CDATA[log4j:WARN No appenders could be found for logger (nz.org.take.script.ScriptKnowledgeSource).
log4j:WARN Please initialize the log4j system properly.
]]></system-err>

  </testsuite>
  <testsuite errors="0" failures="0" id="2" name="Tests" package="test.nz.org.take.compiler.scenario3" tests="2" time="1.891">
  
    <properties>
[...]
</properties>

      <testcase classname="test.nz.org.take.compiler.scenario3.Tests" name="test1" time="1.515"></testcase>

      <testcase classname="test.nz.org.take.compiler.scenario3.Tests" name="test2" time="0.36"></testcase>

      <system-out><![CDATA[starting test case 1
1. rule1
2. public boolean test.nz.org.take.compiler.scenario3.Person.sameAs(test.nz.org.take.compiler.scenario3.Person)
starting test case 2
1. rule2
2. public boolean test.nz.org.take.compiler.scenario3.Person.equals(java.lang.Object)
]]></system-out>

      <system-err><![CDATA[log4j:WARN No appenders could be found for logger (nz.org.take.script.ScriptKnowledgeSource).
log4j:WARN Please initialize the log4j system properly.
]]></system-err>

  </testsuite>
  <testsuite errors="0" failures="0" id="3" name="Tests" package="test.nz.org.take.compiler.scenario4" tests="3" time="2.438">
  
    <properties>
[...]
</properties>

      <testcase classname="test.nz.org.take.compiler.scenario4.Tests" name="test1" time="1.704"></testcase>

      <testcase classname="test.nz.org.take.compiler.scenario4.Tests" name="test2" time="0.406"></testcase>

      <testcase classname="test.nz.org.take.compiler.scenario4.Tests" name="test3" time="0.297"></testcase>

      <system-out><![CDATA[starting test case 1
starting test case 2
starting test case 2
]]></system-out>

      <system-err><![CDATA[log4j:WARN No appenders could be found for logger (nz.org.take.script.ScriptKnowledgeSource).
log4j:WARN Please initialize the log4j system properly.
]]></system-err>

  </testsuite>
  <testsuite errors="0" failures="0" id="4" name="Tests" package="test.nz.org.take.compiler.scenario5" tests="1" time="1.578">
  
    <properties>
[...]
</properties>

      <testcase classname="test.nz.org.take.compiler.scenario5.Tests" name="test1" time="1.547"></testcase>

      <system-out><![CDATA[starting test case 1
]]></system-out>

      <system-err><![CDATA[log4j:WARN No appenders could be found for logger (nz.org.take.script.ScriptKnowledgeSource).
log4j:WARN Please initialize the log4j system properly.
]]></system-err>

  </testsuite>
  <testsuite errors="0" failures="0" id="5" name="Tests" package="test.nz.org.take.compiler.scenario6" tests="5" time="3.14">
  
    <properties>
[...]
</properties>

      <testcase classname="test.nz.org.take.compiler.scenario6.Tests" name="test1" time="1.625"></testcase>

      <testcase classname="test.nz.org.take.compiler.scenario6.Tests" name="test2" time="0.453"></testcase>

      <testcase classname="test.nz.org.take.compiler.scenario6.Tests" name="test3" time="0.391"></testcase>

      <testcase classname="test.nz.org.take.compiler.scenario6.Tests" name="test4" time="0.312"></testcase>

      <testcase classname="test.nz.org.take.compiler.scenario6.Tests" name="test5" time="0.328"></testcase>

      <system-out><![CDATA[1. rule2
2. fact6
3. fact3
test.nz.org.take.compiler.scenario6.Person@40fb991
test.nz.org.take.compiler.scenario6.Person@232c7f
test.nz.org.take.compiler.scenario6.Person@26c028
]]></system-out>

      <system-err><![CDATA[log4j:WARN No appenders could be found for logger (nz.org.take.script.ScriptKnowledgeSource).
log4j:WARN Please initialize the log4j system properly.
]]></system-err>

  </testsuite>
  <testsuite errors="0" failures="0" id="6" name="Tests" package="test.nz.org.take.compiler.scenario7" tests="1" time="1.547">
  
    <properties>
[...]
</properties>

      <testcase classname="test.nz.org.take.compiler.scenario7.Tests" name="test1" time="1.515"></testcase>

      <system-out><![CDATA[]]></system-out>

      <system-err><![CDATA[log4j:WARN No appenders could be found for logger (nz.org.take.script.ScriptKnowledgeSource).
log4j:WARN Please initialize the log4j system properly.
]]></system-err>

  </testsuite>
  <testsuite errors="0" failures="0" id="7" name="Tests" package="test.nz.org.take.compiler.scenario8" tests="2" time="2.719">
  
    <properties>
[...]
</properties>

      <testcase classname="test.nz.org.take.compiler.scenario8.Tests" name="test1" time="2.109"></testcase>

      <testcase classname="test.nz.org.take.compiler.scenario8.Tests" name="test2" time="0.594"></testcase>

      <system-out><![CDATA[closing external fact set
closing external fact set
closing external fact set
]]></system-out>

      <system-err><![CDATA[log4j:WARN No appenders could be found for logger (nz.org.take.script.ScriptKnowledgeSource).
log4j:WARN Please initialize the log4j system properly.
]]></system-err>

  </testsuite>
  <testsuite errors="0" failures="0" id="8" name="ParserTests" package="test.nz.org.take.script" tests="28" time="0.094">
  
    <properties>
[...]
</properties>

      <testcase classname="test.nz.org.take.script.ParserTests" name="testVariables1" time="0.016"></testcase>

      <testcase classname="test.nz.org.take.script.ParserTests" name="testVariables2" time="0.0"></testcase>

      <testcase classname="test.nz.org.take.script.ParserTests" name="testVariables3" time="0.0"></testcase>

      <testcase classname="test.nz.org.take.script.ParserTests" name="testVariables4" time="0.0"></testcase>

      <testcase classname="test.nz.org.take.script.ParserTests" name="testFactStore1" time="0.0"></testcase>

      <testcase classname="test.nz.org.take.script.ParserTests" name="testFactStore2" time="0.0"></testcase>

      <testcase classname="test.nz.org.take.script.ParserTests" name="testObjectRefs1" time="0.0"></testcase>

      <testcase classname="test.nz.org.take.script.ParserTests" name="testObjectRefs2" time="0.016"></testcase>

      <testcase classname="test.nz.org.take.script.ParserTests" name="testRules1" time="0.0"></testcase>

      <testcase classname="test.nz.org.take.script.ParserTests" name="testRules2" time="0.0"></testcase>

      <testcase classname="test.nz.org.take.script.ParserTests" name="testRules3" time="0.0"></testcase>

      <testcase classname="test.nz.org.take.script.ParserTests" name="testFacts1" time="0.0"></testcase>

      <testcase classname="test.nz.org.take.script.ParserTests" name="testStringLiterals1" time="0.0"></testcase>

      <testcase classname="test.nz.org.take.script.ParserTests" name="testIntLiterals1" time="0.0"></testcase>

      <testcase classname="test.nz.org.take.script.ParserTests" name="testDoubleLiterals1" time="0.0"></testcase>

      <testcase classname="test.nz.org.take.script.ParserTests" name="testComplexTerms1" time="0.015"></testcase>

      <testcase classname="test.nz.org.take.script.ParserTests" name="testPropertyTerms1" time="0.0"></testcase>

      <testcase classname="test.nz.org.take.script.ParserTests" name="testQueryIOSignature1" time="0.0"></testcase>

      <testcase classname="test.nz.org.take.script.ParserTests" name="testIntegration1" time="0.0"></testcase>

      <testcase classname="test.nz.org.take.script.ParserTests" name="testAnnotations1" time="0.0"></testcase>

      <testcase classname="test.nz.org.take.script.ParserTests" name="testLineNumbers1" time="0.0"></testcase>

      <testcase classname="test.nz.org.take.script.ParserTests" name="testNegation1" time="0.0"></testcase>

      <testcase classname="test.nz.org.take.script.ParserTests" name="testNegation2" time="0.0"></testcase>

      <testcase classname="test.nz.org.take.script.ParserTests" name="testNegation3" time="0.0"></testcase>

      <testcase classname="test.nz.org.take.script.ParserTests" name="testComparison1" time="0.016"></testcase>

      <testcase classname="test.nz.org.take.script.ParserTests" name="testComparison2" time="0.0"></testcase>

      <testcase classname="test.nz.org.take.script.ParserTests" name="testComparison3" time="0.0"></testcase>

      <testcase classname="test.nz.org.take.script.ParserTests" name="testComparison4" time="0.0"></testcase>

      <system-out><![CDATA[]]></system-out>

      <system-err><![CDATA[]]></system-err>

  </testsuite>
</testsuites>
